[Mon Apr 22 2019 14:03:39.654912] {i} LSUPDATE localhost:12002 9 F 15 localhost:12004_1555967019.654906 1555967019.654906 localhost:12004 (localhost:12002)
[Mon Apr 22 2019 14:03:39.655049] {r} LSUPDATE localhost:12002 9 F 31 localhost:12002_1555967007.764203 1555967007.764203 localhost:12002 (localhost:12000,localhost:12004)
[Mon Apr 22 2019 14:03:39.655501] {i} LSUPDATE localhost:12002 9 F 15 localhost:12004_1555967019.654906 1555967019.654906 localhost:12004 (localhost:12002)
[Mon Apr 22 2019 14:03:39.655587] {r} LSUPDATE localhost:12002 9 F 31 localhost:12002_1555967007.764203 1555967007.764203 localhost:12002 (localhost:12000,localhost:12004)
[Mon Apr 22 2019 14:03:39.696512] {r} LSUPDATE localhost:12002 8 F 15 localhost:12000_1555967007.765101 1555967007.765101 localhost:12000 (localhost:12002)
[Mon Apr 22 2019 14:03:39.696749] {i} LSUPDATE localhost:12002 9 F 15 localhost:12004_1555967019.654906 1555967019.654906 localhost:12004 (localhost:12002)
[Mon Apr 22 2019 14:03:47.027280] {r} LSUPDATE localhost:12002 9 F 47 localhost:12002_1555967007.764203 1555967007.764203 localhost:12002 (localhost:12000,localhost:12004,localhost:12012)
[Mon Apr 22 2019 14:03:47.027534] {d} LSUPDATE unknown 8 F 47 localhost:12002_1555967007.764203 1555967007.764203 localhost:12002 (localhost:12000,localhost:12004,localhost:12012)
[Mon Apr 22 2019 14:03:47.028157] {i} LSUPDATE localhost:12012 9 F 31 localhost:12004_1555967019.654906 1555967019.654906 localhost:12004 (localhost:12002,localhost:12012)
[Mon Apr 22 2019 14:03:47.029807] {r} LSUPDATE localhost:12002 8 F 15 localhost:12012_1555967027.029293 1555967027.029293 localhost:12012 (localhost:12002)
[Mon Apr 22 2019 14:03:47.029943] {d} LSUPDATE localhost:12012 7 F 15 localhost:12012_1555967027.029293 1555967027.029293 localhost:12012 (localhost:12002)
[Mon Apr 22 2019 14:03:47.030012] {i} LSUPDATE localhost:12002 9 F 31 localhost:12004_1555967019.654906 1555967019.654906 localhost:12004 (localhost:12002,localhost:12012)
[Mon Apr 22 2019 14:03:47.030619] {r} LSUPDATE localhost:12002 9 F 47 localhost:12002_1555967007.764203 1555967007.764203 localhost:12002 (localhost:12000,localhost:12004,localhost:12012)
[Mon Apr 22 2019 14:03:47.030813] {d} LSUPDATE localhost:12012 8 F 47 localhost:12002_1555967007.764203 1555967007.764203 localhost:12002 (localhost:12000,localhost:12004,localhost:12012)
[Mon Apr 22 2019 14:03:47.031138] {r} LSUPDATE localhost:12012 9 F 15 localhost:12012_1555967027.029293 1555967027.029293 localhost:12012 (localhost:12002)
[Mon Apr 22 2019 14:03:47.032321] {r} LSUPDATE localhost:12012 8 F 47 localhost:12002_1555967007.764203 1555967007.764203 localhost:12002 (localhost:12000,localhost:12004,localhost:12012)
[Mon Apr 22 2019 14:03:47.032444] {r} LSUPDATE localhost:12002 8 F 31 localhost:12012_1555967027.029293 1555967027.029293 localhost:12012 (localhost:12002,localhost:12004)
[Mon Apr 22 2019 14:03:47.032515] {d} LSUPDATE localhost:12002 7 F 47 localhost:12002_1555967007.764203 1555967007.764203 localhost:12002 (localhost:12000,localhost:12004,localhost:12012)
[Mon Apr 22 2019 14:03:47.032684] {d} LSUPDATE localhost:12012 7 F 31 localhost:12012_1555967027.029293 1555967027.029293 localhost:12012 (localhost:12002,localhost:12004)
[Mon Apr 22 2019 14:03:47.032815] {r} LSUPDATE localhost:12002 8 F 31 localhost:12012_1555967027.029293 1555967027.029293 localhost:12012 (localhost:12002,localhost:12004)
[Mon Apr 22 2019 14:03:47.032897] {d} LSUPDATE localhost:12012 7 F 31 localhost:12012_1555967027.029293 1555967027.029293 localhost:12012 (localhost:12002,localhost:12004)
[Mon Apr 22 2019 14:03:47.033272] {r} LSUPDATE localhost:12012 9 F 31 localhost:12012_1555967027.029293 1555967027.029293 localhost:12012 (localhost:12002,localhost:12004)
[Mon Apr 22 2019 14:03:47.033379] {d} LSUPDATE localhost:12002 8 F 31 localhost:12012_1555967027.029293 1555967027.029293 localhost:12012 (localhost:12002,localhost:12004)
[Mon Apr 22 2019 14:03:47.034440] {r} LSUPDATE localhost:12002 8 F 31 localhost:12012_1555967027.029293 1555967027.029293 localhost:12012 (localhost:12002,localhost:12004)
[Mon Apr 22 2019 14:03:47.034537] {d} LSUPDATE localhost:12012 7 F 31 localhost:12012_1555967027.029293 1555967027.029293 localhost:12012 (localhost:12002,localhost:12004)
[Mon Apr 22 2019 14:03:47.034825] {r} LSUPDATE localhost:12012 9 F 31 localhost:12012_1555967027.029293 1555967027.029293 localhost:12012 (localhost:12002,localhost:12004)
[Mon Apr 22 2019 14:03:47.034938] {r} LSUPDATE localhost:12012 7 F 31 localhost:12004_1555967019.654906 1555967019.654906 localhost:12004 (localhost:12002,localhost:12012)
[Mon Apr 22 2019 14:03:47.074932] {r} LSUPDATE localhost:12002 8 F 15 localhost:12000_1555967007.765101 1555967007.765101 localhost:12000 (localhost:12002)
[Mon Apr 22 2019 14:03:47.075223] {d} LSUPDATE localhost:12012 7 F 15 localhost:12000_1555967007.765101 1555967007.765101 localhost:12000 (localhost:12002)
[Mon Apr 22 2019 14:03:47.075550] {r} LSUPDATE localhost:12002 7 F 31 localhost:12004_1555967019.654906 1555967019.654906 localhost:12004 (localhost:12002,localhost:12012)
[Mon Apr 22 2019 14:03:47.075759] {r} LSUPDATE localhost:12012 9 F 31 localhost:12012_1555967027.029293 1555967027.029293 localhost:12012 (localhost:12002,localhost:12004)
[Mon Apr 22 2019 14:03:47.076064] {r} LSUPDATE localhost:12012 7 F 31 localhost:12004_1555967019.654906 1555967019.654906 localhost:12004 (localhost:12002,localhost:12012)
[Mon Apr 22 2019 14:03:47.076589] {r} LSUPDATE localhost:12012 8 F 47 localhost:12002_1555967007.764203 1555967007.764203 localhost:12002 (localhost:12000,localhost:12004,localhost:12012)
[Mon Apr 22 2019 14:03:47.077095] {r} LSUPDATE localhost:12002 7 F 31 localhost:12004_1555967019.654906 1555967019.654906 localhost:12004 (localhost:12002,localhost:12012)
[Mon Apr 22 2019 14:03:47.077433] {d} LSUPDATE localhost:12002 7 F 47 localhost:12002_1555967007.764203 1555967007.764203 localhost:12002 (localhost:12000,localhost:12004,localhost:12012)
[Mon Apr 22 2019 14:03:47.118849] {r} LSUPDATE localhost:12012 7 F 15 localhost:12000_1555967007.765101 1555967007.765101 localhost:12000 (localhost:12002)
[Mon Apr 22 2019 14:03:47.119203] {r} LSUPDATE localhost:12012 9 F 31 localhost:12012_1555967027.029293 1555967027.029293 localhost:12012 (localhost:12002,localhost:12004)
[Mon Apr 22 2019 14:03:53.016423] {r} LSUPDATE localhost:12002 7 F 31 localhost:12004_1555967019.654906 1555967019.654906 localhost:12004 (localhost:12002,localhost:12012)
[Mon Apr 22 2019 14:03:53.021348] {r} LSUPDATE localhost:12012 9 F 15 localhost:12012_1555967027.029293 1555967027.029293 localhost:12012 (localhost:12004)
[Mon Apr 22 2019 14:03:53.021740] {d} LSUPDATE localhost:12002 8 F 15 localhost:12012_1555967027.029293 1555967027.029293 localhost:12012 (localhost:12004)
[Mon Apr 22 2019 14:03:53.022268] {r} LSUPDATE localhost:12012 9 F 4 localhost:12002_1555967027.029293 1555967027.029293 localhost:12002 (DOWN)
[Mon Apr 22 2019 14:03:53.022807] {d} LSUPDATE localhost:12002 8 F 4 localhost:12002_1555967027.029293 1555967027.029293 localhost:12002 (DOWN)
[Mon Apr 22 2019 14:03:53.023183] {i} LSUPDATE localhost:12012 9 F 15 localhost:12004_1555967019.654906 1555967019.654906 localhost:12004 (localhost:12012)
[Mon Apr 22 2019 14:03:53.023524] {r} LSUPDATE localhost:12012 9 F 15 localhost:12012_1555967027.029293 1555967027.029293 localhost:12012 (localhost:12004)
[Mon Apr 22 2019 14:03:53.023896] {d} LSUPDATE localhost:12002 8 F 15 localhost:12012_1555967027.029293 1555967027.029293 localhost:12012 (localhost:12004)
[Mon Apr 22 2019 14:04:04.846245] {r} LSUPDATE localhost:12012 9 F 31 localhost:12012_1555967027.029293 1555967027.029293 localhost:12012 (localhost:12002,localhost:12004)
[Mon Apr 22 2019 14:04:04.846453] {d} LSUPDATE localhost:12002 8 F 31 localhost:12012_1555967027.029293 1555967027.029293 localhost:12012 (localhost:12002,localhost:12004)
[Mon Apr 22 2019 14:04:04.846606] {d} LSUPDATE unknown 8 F 31 localhost:12012_1555967027.029293 1555967027.029293 localhost:12012 (localhost:12002,localhost:12004)
[Mon Apr 22 2019 14:04:04.848150] {r} LSUPDATE localhost:12012 8 F 47 localhost:12002_1555967044.847218 1555967044.847218 localhost:12002 (localhost:12000,localhost:12004,localhost:12012)
[Mon Apr 22 2019 14:04:04.848304] {d} LSUPDATE localhost:12002 7 F 47 localhost:12002_1555967044.847218 1555967044.847218 localhost:12002 (localhost:12000,localhost:12004,localhost:12012)
[Mon Apr 22 2019 14:04:04.848420] {d} LSUPDATE unknown 7 F 47 localhost:12002_1555967044.847218 1555967044.847218 localhost:12002 (localhost:12000,localhost:12004,localhost:12012)
[Mon Apr 22 2019 14:04:04.848492] {i} LSUPDATE localhost:12012 9 F 15 localhost:12004_1555967019.654906 1555967019.654906 localhost:12004 (localhost:12012)
[Mon Apr 22 2019 14:04:04.848600] {r} LSUPDATE localhost:12012 9 F 31 localhost:12012_1555967027.029293 1555967027.029293 localhost:12012 (localhost:12002,localhost:12004)
[Mon Apr 22 2019 14:04:04.848670] {d} LSUPDATE localhost:12002 8 F 31 localhost:12012_1555967027.029293 1555967027.029293 localhost:12012 (localhost:12002,localhost:12004)
[Mon Apr 22 2019 14:04:04.848727] {d} LSUPDATE unknown 8 F 31 localhost:12012_1555967027.029293 1555967027.029293 localhost:12012 (localhost:12002,localhost:12004)
[Mon Apr 22 2019 14:04:04.849336] {i} LSUPDATE localhost:12002 9 F 31 localhost:12004_1555967019.654906 1555967019.654906 localhost:12004 (localhost:12002,localhost:12012)
[Mon Apr 22 2019 14:04:04.851248] {r} LSUPDATE localhost:12002 9 F 47 localhost:12002_1555967044.847218 1555967044.847218 localhost:12002 (localhost:12000,localhost:12004,localhost:12012)
[Mon Apr 22 2019 14:04:04.851875] {r} LSUPDATE localhost:12012 7 F 15 localhost:12000_1555967007.765101 1555967007.765101 localhost:12000 (localhost:12002)
[Mon Apr 22 2019 14:04:04.851977] {d} LSUPDATE localhost:12002 6 F 15 localhost:12000_1555967007.765101 1555967007.765101 localhost:12000 (localhost:12002)
[Mon Apr 22 2019 14:04:04.852334] {d} LSUPDATE localhost:12002 6 F 15 localhost:12000_1555967007.765101 1555967007.765101 localhost:12000 (localhost:12002)
[Mon Apr 22 2019 14:04:04.852428] {i} LSUPDATE localhost:12012 9 F 31 localhost:12004_1555967019.654906 1555967019.654906 localhost:12004 (localhost:12002,localhost:12012)
[Mon Apr 22 2019 14:04:04.852528] {r} LSUPDATE localhost:12002 8 F 15 localhost:12000_1555967007.765101 1555967007.765101 localhost:12000 (localhost:12002)
[Mon Apr 22 2019 14:04:04.852626] {r} LSUPDATE localhost:12002 9 F 47 localhost:12002_1555967044.847218 1555967044.847218 localhost:12002 (localhost:12000,localhost:12004,localhost:12012)
[Mon Apr 22 2019 14:04:04.853050] {r} LSUPDATE localhost:12012 9 F 31 localhost:12012_1555967027.029293 1555967027.029293 localhost:12012 (localhost:12002,localhost:12004)
[Mon Apr 22 2019 14:04:04.853137] {d} LSUPDATE localhost:12002 8 F 47 localhost:12002_1555967044.847218 1555967044.847218 localhost:12002 (localhost:12000,localhost:12004,localhost:12012)
[Mon Apr 22 2019 14:04:04.853404] {d} LSUPDATE localhost:12012 8 F 47 localhost:12002_1555967044.847218 1555967044.847218 localhost:12002 (localhost:12000,localhost:12004,localhost:12012)
[Mon Apr 22 2019 14:04:04.853646] {r} LSUPDATE localhost:12012 8 F 47 localhost:12002_1555967044.847218 1555967044.847218 localhost:12002 (localhost:12000,localhost:12004,localhost:12012)
[Mon Apr 22 2019 14:04:04.854546] {r} LSUPDATE localhost:12002 8 F 15 localhost:12000_1555967007.765101 1555967007.765101 localhost:12000 (localhost:12002)
[Mon Apr 22 2019 14:04:04.854721] {d} LSUPDATE localhost:12002 7 F 15 localhost:12000_1555967007.765101 1555967007.765101 localhost:12000 (localhost:12002)
[Mon Apr 22 2019 14:04:04.854823] {d} LSUPDATE localhost:12012 7 F 15 localhost:12000_1555967007.765101 1555967007.765101 localhost:12000 (localhost:12002)
[Mon Apr 22 2019 14:04:04.860621] {r} LSUPDATE localhost:12012 7 F 15 localhost:12000_1555967007.765101 1555967007.765101 localhost:12000 (localhost:12002)
[Mon Apr 22 2019 14:04:04.861399] {r} LSUPDATE localhost:12012 8 F 47 localhost:12002_1555967044.847218 1555967044.847218 localhost:12002 (localhost:12000,localhost:12004,localhost:12012)
[Mon Apr 22 2019 14:04:04.861536] {d} LSUPDATE localhost:12002 7 F 47 localhost:12002_1555967044.847218 1555967044.847218 localhost:12002 (localhost:12000,localhost:12004,localhost:12012)
[Mon Apr 22 2019 14:04:04.861653] {d} LSUPDATE localhost:12002 7 F 47 localhost:12002_1555967044.847218 1555967044.847218 localhost:12002 (localhost:12000,localhost:12004,localhost:12012)
[Mon Apr 22 2019 14:04:04.861824] {r} LSUPDATE localhost:12002 9 F 47 localhost:12002_1555967044.847218 1555967044.847218 localhost:12002 (localhost:12000,localhost:12004,localhost:12012)
[Mon Apr 22 2019 14:04:04.862026] {r} LSUPDATE localhost:12002 8 F 31 localhost:12012_1555967027.029293 1555967027.029293 localhost:12012 (localhost:12002,localhost:12004)
[Mon Apr 22 2019 14:04:04.862443] {d} LSUPDATE localhost:12002 7 F 31 localhost:12012_1555967027.029293 1555967027.029293 localhost:12012 (localhost:12002,localhost:12004)
[Mon Apr 22 2019 14:04:04.862664] {d} LSUPDATE localhost:12012 7 F 31 localhost:12012_1555967027.029293 1555967027.029293 localhost:12012 (localhost:12002,localhost:12004)
[Mon Apr 22 2019 14:04:04.862899] {r} LSUPDATE localhost:12002 9 F 47 localhost:12002_1555967044.847218 1555967044.847218 localhost:12002 (localhost:12000,localhost:12004,localhost:12012)
[Mon Apr 22 2019 14:04:04.863029] {d} LSUPDATE localhost:12002 8 F 47 localhost:12002_1555967044.847218 1555967044.847218 localhost:12002 (localhost:12000,localhost:12004,localhost:12012)
[Mon Apr 22 2019 14:04:04.863307] {d} LSUPDATE localhost:12012 8 F 47 localhost:12002_1555967044.847218 1555967044.847218 localhost:12002 (localhost:12000,localhost:12004,localhost:12012)
[Mon Apr 22 2019 14:04:04.863989] {r} LSUPDATE localhost:12002 9 F 47 localhost:12002_1555967044.847218 1555967044.847218 localhost:12002 (localhost:12000,localhost:12004,localhost:12012)
[Mon Apr 22 2019 14:04:04.864396] {d} LSUPDATE localhost:12002 8 F 47 localhost:12002_1555967044.847218 1555967044.847218 localhost:12002 (localhost:12000,localhost:12004,localhost:12012)
[Mon Apr 22 2019 14:04:04.864701] {d} LSUPDATE localhost:12012 8 F 47 localhost:12002_1555967044.847218 1555967044.847218 localhost:12002 (localhost:12000,localhost:12004,localhost:12012)
[Mon Apr 22 2019 14:04:04.865104] {r} LSUPDATE localhost:12002 8 F 31 localhost:12012_1555967027.029293 1555967027.029293 localhost:12012 (localhost:12002,localhost:12004)
[Mon Apr 22 2019 14:04:04.865500] {d} LSUPDATE localhost:12002 7 F 31 localhost:12012_1555967027.029293 1555967027.029293 localhost:12012 (localhost:12002,localhost:12004)
[Mon Apr 22 2019 14:04:04.865740] {d} LSUPDATE localhost:12012 7 F 31 localhost:12012_1555967027.029293 1555967027.029293 localhost:12012 (localhost:12002,localhost:12004)
[Mon Apr 22 2019 14:04:04.870681] {r} LSUPDATE localhost:12002 7 F 15 localhost:12004_1555967019.654906 1555967019.654906 localhost:12004 (localhost:12012)
[Mon Apr 22 2019 14:04:04.902691] {r} LSUPDATE localhost:12002 9 F 47 localhost:12002_1555967044.847218 1555967044.847218 localhost:12002 (localhost:12000,localhost:12004,localhost:12012)
[Mon Apr 22 2019 14:04:04.902960] {r} LSUPDATE localhost:12002 7 F 31 localhost:12004_1555967019.654906 1555967019.654906 localhost:12004 (localhost:12002,localhost:12012)
[Mon Apr 22 2019 14:04:04.903146] {r} LSUPDATE localhost:12002 7 F 31 localhost:12004_1555967019.654906 1555967019.654906 localhost:12004 (localhost:12002,localhost:12012)
[Mon Apr 22 2019 14:04:04.903457] {r} LSUPDATE localhost:12012 8 F 47 localhost:12002_1555967044.847218 1555967044.847218 localhost:12002 (localhost:12000,localhost:12004,localhost:12012)
[Mon Apr 22 2019 14:04:04.903559] {d} LSUPDATE localhost:12002 7 F 47 localhost:12002_1555967044.847218 1555967044.847218 localhost:12002 (localhost:12000,localhost:12004,localhost:12012)
[Mon Apr 22 2019 14:04:04.903634] {d} LSUPDATE localhost:12002 7 F 47 localhost:12002_1555967044.847218 1555967044.847218 localhost:12002 (localhost:12000,localhost:12004,localhost:12012)
[Mon Apr 22 2019 14:04:04.903809] {r} LSUPDATE localhost:12002 8 F 15 localhost:12000_1555967007.765101 1555967007.765101 localhost:12000 (localhost:12002)
[Mon Apr 22 2019 14:04:04.905045] {r} LSUPDATE localhost:12012 7 F 31 localhost:12004_1555967019.654906 1555967019.654906 localhost:12004 (localhost:12002,localhost:12012)
[Mon Apr 22 2019 14:04:04.946694] {r} LSUPDATE localhost:12012 4 F 15 localhost:12000_1555967007.765101 1555967007.765101 localhost:12000 (localhost:12002)
[Mon Apr 22 2019 14:04:04.946931] {d} LSUPDATE localhost:12002 3 F 15 localhost:12000_1555967007.765101 1555967007.765101 localhost:12000 (localhost:12002)
[Mon Apr 22 2019 14:04:04.947065] {d} LSUPDATE localhost:12002 3 F 15 localhost:12000_1555967007.765101 1555967007.765101 localhost:12000 (localhost:12002)
[Mon Apr 22 2019 14:04:04.947220] {r} LSUPDATE localhost:12012 7 F 31 localhost:12004_1555967019.654906 1555967019.654906 localhost:12004 (localhost:12002,localhost:12012)
[Mon Apr 22 2019 14:04:04.947448] {r} LSUPDATE localhost:12012 7 F 15 localhost:12000_1555967007.765101 1555967007.765101 localhost:12000 (localhost:12002)
[Mon Apr 22 2019 14:04:04.948263] {d} LSUPDATE localhost:12002 6 F 15 localhost:12000_1555967007.765101 1555967007.765101 localhost:12000 (localhost:12002)
[Mon Apr 22 2019 14:04:04.948357] {d} LSUPDATE localhost:12002 6 F 15 localhost:12000_1555967007.765101 1555967007.765101 localhost:12000 (localhost:12002)
[Mon Apr 22 2019 14:04:04.948483] {r} LSUPDATE localhost:12012 1 F 15 localhost:12000_1555967007.765101 1555967007.765101 localhost:12000 (localhost:12002)
[Mon Apr 22 2019 14:04:04.991605] {r} LSUPDATE localhost:12012 4 F 15 localhost:12000_1555967007.765101 1555967007.765101 localhost:12000 (localhost:12002)
[Mon Apr 22 2019 14:04:04.991789] {d} LSUPDATE localhost:12002 3 F 15 localhost:12000_1555967007.765101 1555967007.765101 localhost:12000 (localhost:12002)
[Mon Apr 22 2019 14:04:04.991974] {d} LSUPDATE localhost:12002 3 F 15 localhost:12000_1555967007.765101 1555967007.765101 localhost:12000 (localhost:12002)
[Mon Apr 22 2019 14:04:35.287579] {r} LSUPDATE localhost:12012 4 F 15 localhost:12000_1555967007.765101 1555967007.765101 localhost:12000 (localhost:12002)
[Mon Apr 22 2019 14:04:35.292942] {r} LSUPDATE localhost:12002 9 F 31 localhost:12002_1555967044.847218 1555967044.847218 localhost:12002 (localhost:12000,localhost:12004)
[Mon Apr 22 2019 14:04:35.295106] {d} LSUPDATE localhost:12002 8 F 31 localhost:12002_1555967044.847218 1555967044.847218 localhost:12002 (localhost:12000,localhost:12004)
[Mon Apr 22 2019 14:04:35.295723] {d} LSUPDATE localhost:12012 8 F 31 localhost:12002_1555967044.847218 1555967044.847218 localhost:12002 (localhost:12000,localhost:12004)
[Mon Apr 22 2019 14:04:35.296450] {r} LSUPDATE localhost:12002 9 F 4 localhost:12012_1555967044.847218 1555967044.847218 localhost:12012 (DOWN)
[Mon Apr 22 2019 14:04:35.296690] {d} LSUPDATE localhost:12002 8 F 4 localhost:12012_1555967044.847218 1555967044.847218 localhost:12012 (DOWN)
[Mon Apr 22 2019 14:04:35.296815] {d} LSUPDATE localhost:12012 8 F 4 localhost:12012_1555967044.847218 1555967044.847218 localhost:12012 (DOWN)
[Mon Apr 22 2019 14:04:35.296930] {i} LSUPDATE localhost:12002 9 F 15 localhost:12004_1555967019.654906 1555967019.654906 localhost:12004 (localhost:12002)
[Mon Apr 22 2019 14:04:35.298207] {r} LSUPDATE localhost:12002 9 F 31 localhost:12002_1555967044.847218 1555967044.847218 localhost:12002 (localhost:12000,localhost:12004)
[Mon Apr 22 2019 14:04:35.298331] {d} LSUPDATE localhost:12002 8 F 31 localhost:12002_1555967044.847218 1555967044.847218 localhost:12002 (localhost:12000,localhost:12004)
[Mon Apr 22 2019 14:04:35.298470] {d} LSUPDATE localhost:12012 8 F 31 localhost:12002_1555967044.847218 1555967044.847218 localhost:12002 (localhost:12000,localhost:12004)
[Mon Apr 22 2019 14:04:35.298820] {r} LSUPDATE localhost:12002 8 F 15 localhost:12000_1555967007.765101 1555967007.765101 localhost:12000 (localhost:12002)
[Mon Apr 22 2019 14:04:35.298903] {d} LSUPDATE localhost:12002 7 F 15 localhost:12000_1555967007.765101 1555967007.765101 localhost:12000 (localhost:12002)
[Mon Apr 22 2019 14:04:35.299196] {d} LSUPDATE localhost:12012 7 F 15 localhost:12000_1555967007.765101 1555967007.765101 localhost:12000 (localhost:12002)
[Mon Apr 22 2019 14:04:35.869313] {r} LSUPDATE localhost:12002 8 F 15 localhost:12000_1555967007.765101 1555967007.765101 localhost:12000 (localhost:12002)
