[Mon Apr 22 2019 12:57:16.720177] {i} SAYHELLO localhost:12004 1 - 0
[Mon Apr 22 2019 12:57:16.721932] {i} SAYHELLO localhost:12008 1 - 0
[Mon Apr 22 2019 12:57:16.725107] {r} SAYHELLO localhost:12004 1 - 0
[Mon Apr 22 2019 12:57:16.725235] {i} LSUPDATE localhost:12004 9 F 31 localhost:12006_1555963036.725229 1555963036.725229 localhost:12006 (localhost:12004,localhost:12008)
[Mon Apr 22 2019 12:57:16.725386] {r} LSUPDATE localhost:12004 9 F 31 localhost:12004_1555963036.689044 1555963036.689044 localhost:12004 (localhost:12002,localhost:12006)
[Mon Apr 22 2019 12:57:16.725326] {r} SAYHELLO localhost:12008 1 - 0
[Mon Apr 22 2019 12:57:16.726230] {i} LSUPDATE localhost:12008 9 F 31 localhost:12006_1555963036.725229 1555963036.725229 localhost:12006 (localhost:12004,localhost:12008)
[Mon Apr 22 2019 12:57:16.726302] {d} LSUPDATE localhost:12008 8 F 31 localhost:12004_1555963036.689044 1555963036.689044 localhost:12004 (localhost:12002,localhost:12006)
[Mon Apr 22 2019 12:57:16.726974] {i} LSUPDATE localhost:12004 9 F 31 localhost:12006_1555963036.725229 1555963036.725229 localhost:12006 (localhost:12004,localhost:12008)
[Mon Apr 22 2019 12:57:16.727595] {r} LSUPDATE localhost:12004 9 F 31 localhost:12004_1555963036.689044 1555963036.689044 localhost:12004 (localhost:12002,localhost:12006)
[Mon Apr 22 2019 12:57:16.727711] {d} LSUPDATE localhost:12008 8 F 31 localhost:12004_1555963036.689044 1555963036.689044 localhost:12004 (localhost:12002,localhost:12006)
[Mon Apr 22 2019 12:57:16.727056] {r} LSUPDATE localhost:12008 9 F 15 localhost:12008_1555963036.724594 1555963036.724594 localhost:12008 (localhost:12006)
[Mon Apr 22 2019 12:57:16.729477] {d} LSUPDATE localhost:12004 8 F 15 localhost:12008_1555963036.724594 1555963036.724594 localhost:12008 (localhost:12006)
[Mon Apr 22 2019 12:57:16.729583] {i} LSUPDATE localhost:12008 9 F 31 localhost:12006_1555963036.725229 1555963036.725229 localhost:12006 (localhost:12004,localhost:12008)
[Mon Apr 22 2019 12:57:16.731062] {r} LSUPDATE localhost:12008 9 F 15 localhost:12008_1555963036.724594 1555963036.724594 localhost:12008 (localhost:12006)
[Mon Apr 22 2019 12:57:16.731165] {d} LSUPDATE localhost:12004 8 F 15 localhost:12008_1555963036.724594 1555963036.724594 localhost:12008 (localhost:12006)
[Mon Apr 22 2019 12:57:16.731256] {r} LSUPDATE localhost:12008 9 F 15 localhost:12008_1555963036.724594 1555963036.724594 localhost:12008 (localhost:12006)
[Mon Apr 22 2019 12:57:16.757879] {r} LSUPDATE localhost:12008 9 F 31 localhost:12008_1555963036.724594 1555963036.724594 localhost:12008 (localhost:12006,localhost:12010)
[Mon Apr 22 2019 12:57:16.758057] {d} LSUPDATE localhost:12004 8 F 31 localhost:12008_1555963036.724594 1555963036.724594 localhost:12008 (localhost:12006,localhost:12010)
[Mon Apr 22 2019 12:57:16.765430] {r} LSUPDATE localhost:12008 8 F 31 localhost:12010_1555963036.757163 1555963036.757163 localhost:12010 (localhost:12002,localhost:12008)
[Mon Apr 22 2019 12:57:16.765620] {d} LSUPDATE localhost:12004 7 F 31 localhost:12010_1555963036.757163 1555963036.757163 localhost:12010 (localhost:12002,localhost:12008)
[Mon Apr 22 2019 12:57:16.765716] {i} LSUPDATE localhost:12008 9 F 31 localhost:12006_1555963036.725229 1555963036.725229 localhost:12006 (localhost:12004,localhost:12008)
[Mon Apr 22 2019 12:57:16.765907] {r} LSUPDATE localhost:12008 9 F 31 localhost:12008_1555963036.724594 1555963036.724594 localhost:12008 (localhost:12006,localhost:12010)
[Mon Apr 22 2019 12:57:16.766073] {d} LSUPDATE localhost:12004 8 F 31 localhost:12008_1555963036.724594 1555963036.724594 localhost:12008 (localhost:12006,localhost:12010)
[Mon Apr 22 2019 12:57:16.769215] {r} LSUPDATE localhost:12004 8 F 31 localhost:12002_1555963036.687629 1555963036.687629 localhost:12002 (localhost:12000,localhost:12004)
[Mon Apr 22 2019 12:57:16.769494] {d} LSUPDATE localhost:12008 7 F 31 localhost:12002_1555963036.687629 1555963036.687629 localhost:12002 (localhost:12000,localhost:12004)
[Mon Apr 22 2019 12:57:16.769592] {i} LSUPDATE localhost:12004 9 F 31 localhost:12006_1555963036.725229 1555963036.725229 localhost:12006 (localhost:12004,localhost:12008)
[Mon Apr 22 2019 12:57:16.770664] {r} LSUPDATE localhost:12008 9 F 31 localhost:12008_1555963036.724594 1555963036.724594 localhost:12008 (localhost:12006,localhost:12010)
[Mon Apr 22 2019 12:57:16.771620] {r} LSUPDATE localhost:12004 9 F 31 localhost:12004_1555963036.689044 1555963036.689044 localhost:12004 (localhost:12002,localhost:12006)
[Mon Apr 22 2019 12:57:16.771770] {r} LSUPDATE localhost:12004 7 F 15 localhost:12000_1555963036.749537 1555963036.749537 localhost:12000 (localhost:12002)
[Mon Apr 22 2019 12:57:16.771810] {d} LSUPDATE localhost:12004 8 F 31 localhost:12008_1555963036.724594 1555963036.724594 localhost:12008 (localhost:12006,localhost:12010)
[Mon Apr 22 2019 12:57:16.772022] {d} LSUPDATE localhost:12008 6 F 15 localhost:12000_1555963036.749537 1555963036.749537 localhost:12000 (localhost:12002)
[Mon Apr 22 2019 12:57:16.772126] {i} LSUPDATE localhost:12004 9 F 31 localhost:12006_1555963036.725229 1555963036.725229 localhost:12006 (localhost:12004,localhost:12008)
[Mon Apr 22 2019 12:57:16.772230] {r} LSUPDATE localhost:12004 9 F 31 localhost:12004_1555963036.689044 1555963036.689044 localhost:12004 (localhost:12002,localhost:12006)
[Mon Apr 22 2019 12:57:16.772375] {d} LSUPDATE localhost:12008 8 F 31 localhost:12004_1555963036.689044 1555963036.689044 localhost:12004 (localhost:12002,localhost:12006)
[Mon Apr 22 2019 12:57:16.772489] {r} LSUPDATE localhost:12004 8 F 31 localhost:12002_1555963036.687629 1555963036.687629 localhost:12002 (localhost:12000,localhost:12004)
[Mon Apr 22 2019 12:57:16.772810] {d} LSUPDATE localhost:12008 7 F 31 localhost:12002_1555963036.687629 1555963036.687629 localhost:12002 (localhost:12000,localhost:12004)
[Mon Apr 22 2019 12:57:16.772905] {r} LSUPDATE localhost:12004 7 F 15 localhost:12000_1555963036.749537 1555963036.749537 localhost:12000 (localhost:12002)
[Mon Apr 22 2019 12:57:16.773148] {d} LSUPDATE localhost:12008 6 F 15 localhost:12000_1555963036.749537 1555963036.749537 localhost:12000 (localhost:12002)
[Mon Apr 22 2019 12:57:16.773241] {r} LSUPDATE localhost:12004 8 F 47 localhost:12002_1555963036.687629 1555963036.687629 localhost:12002 (localhost:12000,localhost:12004,localhost:12010)
[Mon Apr 22 2019 12:57:16.773596] {d} LSUPDATE localhost:12008 7 F 47 localhost:12002_1555963036.687629 1555963036.687629 localhost:12002 (localhost:12000,localhost:12004,localhost:12010)
[Mon Apr 22 2019 12:57:16.774555] {r} LSUPDATE localhost:12008 7 F 47 localhost:12002_1555963036.687629 1555963036.687629 localhost:12002 (localhost:12000,localhost:12004,localhost:12010)
[Mon Apr 22 2019 12:57:16.775032] {r} LSUPDATE localhost:12008 9 F 31 localhost:12008_1555963036.724594 1555963036.724594 localhost:12008 (localhost:12006,localhost:12010)
[Mon Apr 22 2019 12:57:16.816429] {r} LSUPDATE localhost:12004 7 F 31 localhost:12010_1555963036.757163 1555963036.757163 localhost:12010 (localhost:12002,localhost:12008)
[Mon Apr 22 2019 12:57:16.816627] {r} LSUPDATE localhost:12004 9 F 31 localhost:12004_1555963036.689044 1555963036.689044 localhost:12004 (localhost:12002,localhost:12006)
[Mon Apr 22 2019 12:57:16.816739] {r} LSUPDATE localhost:12004 8 F 47 localhost:12002_1555963036.687629 1555963036.687629 localhost:12002 (localhost:12000,localhost:12004,localhost:12010)
[Mon Apr 22 2019 12:57:16.816851] {d} LSUPDATE localhost:12008 7 F 47 localhost:12002_1555963036.687629 1555963036.687629 localhost:12002 (localhost:12000,localhost:12004,localhost:12010)
[Mon Apr 22 2019 12:57:16.816963] {r} LSUPDATE localhost:12004 7 F 31 localhost:12010_1555963036.757163 1555963036.757163 localhost:12010 (localhost:12002,localhost:12008)
[Mon Apr 22 2019 12:57:16.817113] {d} LSUPDATE localhost:12008 6 F 31 localhost:12010_1555963036.757163 1555963036.757163 localhost:12010 (localhost:12002,localhost:12008)
[Mon Apr 22 2019 12:57:16.817257] {r} LSUPDATE localhost:12004 8 F 47 localhost:12002_1555963036.687629 1555963036.687629 localhost:12002 (localhost:12000,localhost:12004,localhost:12010)
[Mon Apr 22 2019 12:57:16.817356] {d} LSUPDATE localhost:12008 7 F 47 localhost:12002_1555963036.687629 1555963036.687629 localhost:12002 (localhost:12000,localhost:12004,localhost:12010)
[Mon Apr 22 2019 12:57:16.817454] {r} LSUPDATE localhost:12004 7 F 31 localhost:12010_1555963036.757163 1555963036.757163 localhost:12010 (localhost:12002,localhost:12008)
[Mon Apr 22 2019 12:57:16.817544] {d} LSUPDATE localhost:12008 6 F 31 localhost:12010_1555963036.757163 1555963036.757163 localhost:12010 (localhost:12002,localhost:12008)
[Mon Apr 22 2019 12:57:16.817623] {r} LSUPDATE localhost:12004 6 F 31 localhost:12008_1555963036.724594 1555963036.724594 localhost:12008 (localhost:12006,localhost:12010)
[Mon Apr 22 2019 12:57:16.816521] {r} LSUPDATE localhost:12008 8 F 31 localhost:12010_1555963036.757163 1555963036.757163 localhost:12010 (localhost:12002,localhost:12008)
[Mon Apr 22 2019 12:57:16.817772] {d} LSUPDATE localhost:12008 5 F 31 localhost:12008_1555963036.724594 1555963036.724594 localhost:12008 (localhost:12006,localhost:12010)
[Mon Apr 22 2019 12:57:16.817855] {r} LSUPDATE localhost:12004 7 F 31 localhost:12010_1555963036.757163 1555963036.757163 localhost:12010 (localhost:12002,localhost:12008)
[Mon Apr 22 2019 12:57:16.819411] {d} LSUPDATE localhost:12004 7 F 31 localhost:12010_1555963036.757163 1555963036.757163 localhost:12010 (localhost:12002,localhost:12008)
[Mon Apr 22 2019 12:57:16.819872] {r} LSUPDATE localhost:12008 7 F 47 localhost:12002_1555963036.687629 1555963036.687629 localhost:12002 (localhost:12000,localhost:12004,localhost:12010)
[Mon Apr 22 2019 12:57:16.819955] {d} LSUPDATE localhost:12008 6 F 31 localhost:12010_1555963036.757163 1555963036.757163 localhost:12010 (localhost:12002,localhost:12008)
[Mon Apr 22 2019 12:57:16.820148] {r} LSUPDATE localhost:12004 5 F 31 localhost:12006_1555963036.725229 1555963036.725229 localhost:12006 (localhost:12004,localhost:12008)
[Mon Apr 22 2019 12:57:16.823071] {d} LSUPDATE localhost:12004 6 F 47 localhost:12002_1555963036.687629 1555963036.687629 localhost:12002 (localhost:12000,localhost:12004,localhost:12010)
[Mon Apr 22 2019 12:57:16.823646] {r} LSUPDATE localhost:12008 8 F 31 localhost:12010_1555963036.757163 1555963036.757163 localhost:12010 (localhost:12002,localhost:12008)
[Mon Apr 22 2019 12:57:16.823756] {r} LSUPDATE localhost:12004 6 F 31 localhost:12008_1555963036.724594 1555963036.724594 localhost:12008 (localhost:12006,localhost:12010)
[Mon Apr 22 2019 12:57:16.823892] {d} LSUPDATE localhost:12004 7 F 31 localhost:12010_1555963036.757163 1555963036.757163 localhost:12010 (localhost:12002,localhost:12008)
[Mon Apr 22 2019 12:57:16.825155] {r} LSUPDATE localhost:12008 8 F 31 localhost:12010_1555963036.757163 1555963036.757163 localhost:12010 (localhost:12002,localhost:12008)
[Mon Apr 22 2019 12:57:16.825249] {d} LSUPDATE localhost:12008 5 F 31 localhost:12008_1555963036.724594 1555963036.724594 localhost:12008 (localhost:12006,localhost:12010)
[Mon Apr 22 2019 12:57:16.825897] {r} LSUPDATE localhost:12004 6 F 31 localhost:12008_1555963036.724594 1555963036.724594 localhost:12008 (localhost:12006,localhost:12010)
[Mon Apr 22 2019 12:57:16.826002] {d} LSUPDATE localhost:12004 7 F 31 localhost:12010_1555963036.757163 1555963036.757163 localhost:12010 (localhost:12002,localhost:12008)
[Mon Apr 22 2019 12:57:16.826994] {r} LSUPDATE localhost:12008 5 F 31 localhost:12006_1555963036.725229 1555963036.725229 localhost:12006 (localhost:12004,localhost:12008)
[Mon Apr 22 2019 12:57:16.827085] {d} LSUPDATE localhost:12008 5 F 31 localhost:12008_1555963036.724594 1555963036.724594 localhost:12008 (localhost:12006,localhost:12010)
[Mon Apr 22 2019 12:57:16.827467] {r} LSUPDATE localhost:12004 5 F 31 localhost:12006_1555963036.725229 1555963036.725229 localhost:12006 (localhost:12004,localhost:12008)
[Mon Apr 22 2019 12:57:16.827539] {r} LSUPDATE localhost:12008 5 F 31 localhost:12006_1555963036.725229 1555963036.725229 localhost:12006 (localhost:12004,localhost:12008)
[Mon Apr 22 2019 12:57:16.868705] {r} LSUPDATE localhost:12004 2 F 15 localhost:12000_1555963036.749537 1555963036.749537 localhost:12000 (localhost:12002)
[Mon Apr 22 2019 12:57:16.868939] {d} LSUPDATE localhost:12008 1 F 15 localhost:12000_1555963036.749537 1555963036.749537 localhost:12000 (localhost:12002)
[Mon Apr 22 2019 12:57:16.913208] {r} LSUPDATE localhost:12004 2 F 15 localhost:12000_1555963036.749537 1555963036.749537 localhost:12000 (localhost:12002)
[Mon Apr 22 2019 12:57:16.913817] {d} LSUPDATE localhost:12008 1 F 15 localhost:12000_1555963036.749537 1555963036.749537 localhost:12000 (localhost:12002)
[Mon Apr 22 2019 12:57:21.084151] {r} LSUPDATE localhost:12004 8 F 31 localhost:12002_1555963036.687629 1555963036.687629 localhost:12002 (localhost:12004,localhost:12010)
[Mon Apr 22 2019 12:57:21.084367] {d} LSUPDATE localhost:12008 7 F 31 localhost:12002_1555963036.687629 1555963036.687629 localhost:12002 (localhost:12004,localhost:12010)
[Mon Apr 22 2019 12:57:21.087268] {r} LSUPDATE localhost:12004 8 F 4 localhost:12000_1555963036.687629 1555963036.687629 localhost:12000 (DOWN)
[Mon Apr 22 2019 12:57:21.087398] {d} LSUPDATE localhost:12008 7 F 4 localhost:12000_1555963036.687629 1555963036.687629 localhost:12000 (DOWN)
[Mon Apr 22 2019 12:57:21.090405] {r} LSUPDATE localhost:12004 8 F 31 localhost:12002_1555963036.687629 1555963036.687629 localhost:12002 (localhost:12004,localhost:12010)
[Mon Apr 22 2019 12:57:21.090528] {d} LSUPDATE localhost:12008 7 F 31 localhost:12002_1555963036.687629 1555963036.687629 localhost:12002 (localhost:12004,localhost:12010)
[Mon Apr 22 2019 12:57:22.089524] {r} LSUPDATE localhost:12008 9 F 15 localhost:12008_1555963036.724594 1555963036.724594 localhost:12008 (localhost:12006)
[Mon Apr 22 2019 12:57:22.089926] {d} LSUPDATE localhost:12004 8 F 15 localhost:12008_1555963036.724594 1555963036.724594 localhost:12008 (localhost:12006)
[Mon Apr 22 2019 12:57:22.090462] {r} LSUPDATE localhost:12008 9 F 4 localhost:12010_1555963036.724594 1555963036.724594 localhost:12010 (DOWN)
[Mon Apr 22 2019 12:57:22.090597] {d} LSUPDATE localhost:12004 8 F 4 localhost:12010_1555963036.724594 1555963036.724594 localhost:12010 (DOWN)
[Mon Apr 22 2019 12:57:22.090550] {r} LSUPDATE localhost:12004 8 F 15 localhost:12002_1555963036.687629 1555963036.687629 localhost:12002 (localhost:12004)
[Mon Apr 22 2019 12:57:22.092956] {d} LSUPDATE localhost:12008 7 F 15 localhost:12002_1555963036.687629 1555963036.687629 localhost:12002 (localhost:12004)
[Mon Apr 22 2019 12:57:22.093512] {r} LSUPDATE localhost:12004 8 F 4 localhost:12010_1555963036.687629 1555963036.687629 localhost:12010 (DOWN)
[Mon Apr 22 2019 12:57:22.094015] {r} LSUPDATE localhost:12008 9 F 15 localhost:12008_1555963036.724594 1555963036.724594 localhost:12008 (localhost:12006)
[Mon Apr 22 2019 12:57:22.094148] {d} LSUPDATE localhost:12008 7 F 4 localhost:12010_1555963036.687629 1555963036.687629 localhost:12010 (DOWN)
[Mon Apr 22 2019 12:57:22.094820] {i} LSUPDATE localhost:12004 9 F 31 localhost:12006_1555963036.725229 1555963036.725229 localhost:12006 (localhost:12004,localhost:12008)
[Mon Apr 22 2019 12:57:22.094908] {d} LSUPDATE localhost:12004 8 F 15 localhost:12008_1555963036.724594 1555963036.724594 localhost:12008 (localhost:12006)
[Mon Apr 22 2019 12:57:22.095530] {r} LSUPDATE localhost:12008 9 F 15 localhost:12008_1555963036.724594 1555963036.724594 localhost:12008 (localhost:12006)
[Mon Apr 22 2019 12:57:22.095725] {r} LSUPDATE localhost:12004 8 F 15 localhost:12002_1555963036.687629 1555963036.687629 localhost:12002 (localhost:12004)
[Mon Apr 22 2019 12:57:22.095825] {d} LSUPDATE localhost:12008 7 F 15 localhost:12002_1555963036.687629 1555963036.687629 localhost:12002 (localhost:12004)
[Mon Apr 22 2019 12:57:22.096393] {r} LSUPDATE localhost:12004 9 F 31 localhost:12004_1555963036.689044 1555963036.689044 localhost:12004 (localhost:12002,localhost:12006)
[Mon Apr 22 2019 12:57:22.096581] {d} LSUPDATE localhost:12008 8 F 31 localhost:12004_1555963036.689044 1555963036.689044 localhost:12004 (localhost:12002,localhost:12006)
[Mon Apr 22 2019 12:57:22.529052] {r} LSUPDATE localhost:12008 9 F 15 localhost:12008_1555963036.724594 1555963036.724594 localhost:12008 (localhost:12006)
