[Mon Apr 22 2019 12:57:16.724229] {r} SAYHELLO localhost:12006 1 - 0
[Mon Apr 22 2019 12:57:16.724499] {i} SAYHELLO localhost:12006 1 - 0
[Mon Apr 22 2019 12:57:16.724600] {i} LSUPDATE localhost:12006 9 F 15 localhost:12008_1555963036.724594 1555963036.724594 localhost:12008 (localhost:12006)
[Mon Apr 22 2019 12:57:16.726405] {r} LSUPDATE localhost:12006 9 F 31 localhost:12006_1555963036.725229 1555963036.725229 localhost:12006 (localhost:12004,localhost:12008)
[Mon Apr 22 2019 12:57:16.726554] {i} LSUPDATE localhost:12006 9 F 15 localhost:12008_1555963036.724594 1555963036.724594 localhost:12008 (localhost:12006)
[Mon Apr 22 2019 12:57:16.727859] {r} LSUPDATE localhost:12006 8 F 31 localhost:12004_1555963036.689044 1555963036.689044 localhost:12004 (localhost:12002,localhost:12006)
[Mon Apr 22 2019 12:57:16.727967] {i} LSUPDATE localhost:12006 9 F 15 localhost:12008_1555963036.724594 1555963036.724594 localhost:12008 (localhost:12006)
[Mon Apr 22 2019 12:57:16.728817] {r} LSUPDATE localhost:12006 9 F 31 localhost:12006_1555963036.725229 1555963036.725229 localhost:12006 (localhost:12004,localhost:12008)
[Mon Apr 22 2019 12:57:16.757284] {r} SAYHELLO localhost:12010 1 - 0
[Mon Apr 22 2019 12:57:16.757369] {i} SAYHELLO localhost:12010 1 - 0
[Mon Apr 22 2019 12:57:16.757449] {i} LSUPDATE localhost:12010 9 F 31 localhost:12008_1555963036.724594 1555963036.724594 localhost:12008 (localhost:12006,localhost:12010)
[Mon Apr 22 2019 12:57:16.757576] {r} LSUPDATE localhost:12006 9 F 31 localhost:12006_1555963036.725229 1555963036.725229 localhost:12006 (localhost:12004,localhost:12008)
[Mon Apr 22 2019 12:57:16.757661] {d} LSUPDATE localhost:12010 8 F 31 localhost:12006_1555963036.725229 1555963036.725229 localhost:12006 (localhost:12004,localhost:12008)
[Mon Apr 22 2019 12:57:16.757793] {r} LSUPDATE localhost:12006 8 F 31 localhost:12004_1555963036.689044 1555963036.689044 localhost:12004 (localhost:12002,localhost:12006)
[Mon Apr 22 2019 12:57:16.757961] {d} LSUPDATE localhost:12010 7 F 31 localhost:12004_1555963036.689044 1555963036.689044 localhost:12004 (localhost:12002,localhost:12006)
[Mon Apr 22 2019 12:57:16.758167] {r} LSUPDATE localhost:12006 9 F 31 localhost:12006_1555963036.725229 1555963036.725229 localhost:12006 (localhost:12004,localhost:12008)
[Mon Apr 22 2019 12:57:16.758246] {d} LSUPDATE localhost:12010 8 F 31 localhost:12006_1555963036.725229 1555963036.725229 localhost:12006 (localhost:12004,localhost:12008)
[Mon Apr 22 2019 12:57:16.765198] {r} LSUPDATE localhost:12010 9 F 31 localhost:12010_1555963036.757163 1555963036.757163 localhost:12010 (localhost:12002,localhost:12008)
[Mon Apr 22 2019 12:57:16.765329] {d} LSUPDATE localhost:12006 8 F 31 localhost:12010_1555963036.757163 1555963036.757163 localhost:12010 (localhost:12002,localhost:12008)
[Mon Apr 22 2019 12:57:16.765525] {i} LSUPDATE localhost:12010 9 F 31 localhost:12008_1555963036.724594 1555963036.724594 localhost:12008 (localhost:12006,localhost:12010)
[Mon Apr 22 2019 12:57:16.765982] {r} LSUPDATE localhost:12006 9 F 31 localhost:12006_1555963036.725229 1555963036.725229 localhost:12006 (localhost:12004,localhost:12008)
[Mon Apr 22 2019 12:57:16.769669] {r} LSUPDATE localhost:12006 7 F 31 localhost:12002_1555963036.687629 1555963036.687629 localhost:12002 (localhost:12000,localhost:12004)
[Mon Apr 22 2019 12:57:16.769832] {d} LSUPDATE localhost:12010 6 F 31 localhost:12002_1555963036.687629 1555963036.687629 localhost:12002 (localhost:12000,localhost:12004)
[Mon Apr 22 2019 12:57:16.769919] {i} LSUPDATE localhost:12006 9 F 31 localhost:12008_1555963036.724594 1555963036.724594 localhost:12008 (localhost:12006,localhost:12010)
[Mon Apr 22 2019 12:57:16.770462] {r} LSUPDATE localhost:12006 9 F 31 localhost:12006_1555963036.725229 1555963036.725229 localhost:12006 (localhost:12004,localhost:12008)
[Mon Apr 22 2019 12:57:16.770557] {d} LSUPDATE localhost:12010 8 F 31 localhost:12006_1555963036.725229 1555963036.725229 localhost:12006 (localhost:12004,localhost:12008)
[Mon Apr 22 2019 12:57:16.774224] {r} LSUPDATE localhost:12010 8 F 47 localhost:12002_1555963036.687629 1555963036.687629 localhost:12002 (localhost:12000,localhost:12004,localhost:12010)
[Mon Apr 22 2019 12:57:16.774385] {r} LSUPDATE localhost:12006 6 F 15 localhost:12000_1555963036.749537 1555963036.749537 localhost:12000 (localhost:12002)
[Mon Apr 22 2019 12:57:16.774429] {d} LSUPDATE localhost:12006 7 F 47 localhost:12002_1555963036.687629 1555963036.687629 localhost:12002 (localhost:12000,localhost:12004,localhost:12010)
[Mon Apr 22 2019 12:57:16.774640] {d} LSUPDATE localhost:12010 5 F 15 localhost:12000_1555963036.749537 1555963036.749537 localhost:12000 (localhost:12002)
[Mon Apr 22 2019 12:57:16.774737] {i} LSUPDATE localhost:12006 9 F 31 localhost:12008_1555963036.724594 1555963036.724594 localhost:12008 (localhost:12006,localhost:12010)
[Mon Apr 22 2019 12:57:16.774861] {r} LSUPDATE localhost:12006 9 F 31 localhost:12006_1555963036.725229 1555963036.725229 localhost:12006 (localhost:12004,localhost:12008)
[Mon Apr 22 2019 12:57:16.774954] {r} LSUPDATE localhost:12006 8 F 31 localhost:12004_1555963036.689044 1555963036.689044 localhost:12004 (localhost:12002,localhost:12006)
[Mon Apr 22 2019 12:57:16.775125] {d} LSUPDATE localhost:12010 7 F 31 localhost:12004_1555963036.689044 1555963036.689044 localhost:12004 (localhost:12002,localhost:12006)
[Mon Apr 22 2019 12:57:16.775219] {r} LSUPDATE localhost:12006 7 F 31 localhost:12002_1555963036.687629 1555963036.687629 localhost:12002 (localhost:12000,localhost:12004)
[Mon Apr 22 2019 12:57:16.775309] {d} LSUPDATE localhost:12010 6 F 31 localhost:12002_1555963036.687629 1555963036.687629 localhost:12002 (localhost:12000,localhost:12004)
[Mon Apr 22 2019 12:57:16.775397] {r} LSUPDATE localhost:12006 6 F 15 localhost:12000_1555963036.749537 1555963036.749537 localhost:12000 (localhost:12002)
[Mon Apr 22 2019 12:57:16.775604] {d} LSUPDATE localhost:12010 5 F 15 localhost:12000_1555963036.749537 1555963036.749537 localhost:12000 (localhost:12002)
[Mon Apr 22 2019 12:57:16.775703] {r} LSUPDATE localhost:12006 7 F 47 localhost:12002_1555963036.687629 1555963036.687629 localhost:12002 (localhost:12000,localhost:12004,localhost:12010)
[Mon Apr 22 2019 12:57:16.775876] {d} LSUPDATE localhost:12010 6 F 47 localhost:12002_1555963036.687629 1555963036.687629 localhost:12002 (localhost:12000,localhost:12004,localhost:12010)
[Mon Apr 22 2019 12:57:16.776165] {r} LSUPDATE localhost:12010 9 F 31 localhost:12010_1555963036.757163 1555963036.757163 localhost:12010 (localhost:12002,localhost:12008)
[Mon Apr 22 2019 12:57:16.776529] {d} LSUPDATE localhost:12006 8 F 31 localhost:12010_1555963036.757163 1555963036.757163 localhost:12010 (localhost:12002,localhost:12008)
[Mon Apr 22 2019 12:57:16.776933] {r} LSUPDATE localhost:12010 8 F 47 localhost:12002_1555963036.687629 1555963036.687629 localhost:12002 (localhost:12000,localhost:12004,localhost:12010)
[Mon Apr 22 2019 12:57:16.777120] {d} LSUPDATE localhost:12006 7 F 47 localhost:12002_1555963036.687629 1555963036.687629 localhost:12002 (localhost:12000,localhost:12004,localhost:12010)
[Mon Apr 22 2019 12:57:16.817053] {r} LSUPDATE localhost:12006 7 F 47 localhost:12002_1555963036.687629 1555963036.687629 localhost:12002 (localhost:12000,localhost:12004,localhost:12010)
[Mon Apr 22 2019 12:57:16.820536] {r} LSUPDATE localhost:12010 6 F 31 localhost:12006_1555963036.725229 1555963036.725229 localhost:12006 (localhost:12004,localhost:12008)
[Mon Apr 22 2019 12:57:16.821031] {r} LSUPDATE localhost:12010 9 F 31 localhost:12010_1555963036.757163 1555963036.757163 localhost:12010 (localhost:12002,localhost:12008)
[Mon Apr 22 2019 12:57:16.821268] {r} LSUPDATE localhost:12010 9 F 31 localhost:12010_1555963036.757163 1555963036.757163 localhost:12010 (localhost:12002,localhost:12008)
[Mon Apr 22 2019 12:57:16.821544] {r} LSUPDATE localhost:12006 6 F 31 localhost:12010_1555963036.757163 1555963036.757163 localhost:12010 (localhost:12002,localhost:12008)
[Mon Apr 22 2019 12:57:16.821605] {d} LSUPDATE localhost:12006 8 F 31 localhost:12010_1555963036.757163 1555963036.757163 localhost:12010 (localhost:12002,localhost:12008)
[Mon Apr 22 2019 12:57:16.821828] {r} LSUPDATE localhost:12010 9 F 31 localhost:12010_1555963036.757163 1555963036.757163 localhost:12010 (localhost:12002,localhost:12008)
[Mon Apr 22 2019 12:57:16.821876] {d} LSUPDATE localhost:12010 5 F 31 localhost:12010_1555963036.757163 1555963036.757163 localhost:12010 (localhost:12002,localhost:12008)
[Mon Apr 22 2019 12:57:16.822128] {r} LSUPDATE localhost:12006 7 F 47 localhost:12002_1555963036.687629 1555963036.687629 localhost:12002 (localhost:12000,localhost:12004,localhost:12010)
[Mon Apr 22 2019 12:57:16.822226] {d} LSUPDATE localhost:12006 8 F 31 localhost:12010_1555963036.757163 1555963036.757163 localhost:12010 (localhost:12002,localhost:12008)
[Mon Apr 22 2019 12:57:16.822324] {r} LSUPDATE localhost:12010 9 F 31 localhost:12010_1555963036.757163 1555963036.757163 localhost:12010 (localhost:12002,localhost:12008)
[Mon Apr 22 2019 12:57:16.822414] {r} LSUPDATE localhost:12010 5 F 15 localhost:12008_1555963036.724594 1555963036.724594 localhost:12008 (localhost:12006)
[Mon Apr 22 2019 12:57:16.822482] {d} LSUPDATE localhost:12010 6 F 47 localhost:12002_1555963036.687629 1555963036.687629 localhost:12002 (localhost:12000,localhost:12004,localhost:12010)
[Mon Apr 22 2019 12:57:16.822689] {r} LSUPDATE localhost:12006 6 F 31 localhost:12010_1555963036.757163 1555963036.757163 localhost:12010 (localhost:12002,localhost:12008)
[Mon Apr 22 2019 12:57:16.822833] {d} LSUPDATE localhost:12010 5 F 31 localhost:12010_1555963036.757163 1555963036.757163 localhost:12010 (localhost:12002,localhost:12008)
[Mon Apr 22 2019 12:57:16.822963] {r} LSUPDATE localhost:12006 5 F 31 localhost:12008_1555963036.724594 1555963036.724594 localhost:12008 (localhost:12006,localhost:12010)
[Mon Apr 22 2019 12:57:16.823210] {r} LSUPDATE localhost:12006 6 F 31 localhost:12010_1555963036.757163 1555963036.757163 localhost:12010 (localhost:12002,localhost:12008)
[Mon Apr 22 2019 12:57:16.823314] {d} LSUPDATE localhost:12010 5 F 31 localhost:12010_1555963036.757163 1555963036.757163 localhost:12010 (localhost:12002,localhost:12008)
[Mon Apr 22 2019 12:57:16.822804] {r} LSUPDATE localhost:12010 8 F 47 localhost:12002_1555963036.687629 1555963036.687629 localhost:12002 (localhost:12000,localhost:12004,localhost:12010)
[Mon Apr 22 2019 12:57:16.824872] {r} LSUPDATE localhost:12010 9 F 31 localhost:12010_1555963036.757163 1555963036.757163 localhost:12010 (localhost:12002,localhost:12008)
[Mon Apr 22 2019 12:57:16.825067] {r} LSUPDATE localhost:12010 7 F 31 localhost:12004_1555963036.689044 1555963036.689044 localhost:12004 (localhost:12002,localhost:12006)
[Mon Apr 22 2019 12:57:16.825373] {r} LSUPDATE localhost:12010 6 F 31 localhost:12006_1555963036.725229 1555963036.725229 localhost:12006 (localhost:12004,localhost:12008)
[Mon Apr 22 2019 12:57:16.825335] {r} LSUPDATE localhost:12006 5 F 31 localhost:12008_1555963036.724594 1555963036.724594 localhost:12008 (localhost:12006,localhost:12010)
[Mon Apr 22 2019 12:57:16.825536] {d} LSUPDATE localhost:12006 5 F 31 localhost:12006_1555963036.725229 1555963036.725229 localhost:12006 (localhost:12004,localhost:12008)
[Mon Apr 22 2019 12:57:16.825718] {r} LSUPDATE localhost:12010 5 F 31 localhost:12008_1555963036.724594 1555963036.724594 localhost:12008 (localhost:12006,localhost:12010)
[Mon Apr 22 2019 12:57:16.826448] {r} LSUPDATE localhost:12010 5 F 31 localhost:12008_1555963036.724594 1555963036.724594 localhost:12008 (localhost:12006,localhost:12010)
[Mon Apr 22 2019 12:57:16.826907] {r} LSUPDATE localhost:12010 6 F 31 localhost:12006_1555963036.725229 1555963036.725229 localhost:12006 (localhost:12004,localhost:12008)
[Mon Apr 22 2019 12:57:16.827171] {r} LSUPDATE localhost:12006 5 F 31 localhost:12008_1555963036.724594 1555963036.724594 localhost:12008 (localhost:12006,localhost:12010)
[Mon Apr 22 2019 12:57:16.827285] {d} LSUPDATE localhost:12006 5 F 31 localhost:12006_1555963036.725229 1555963036.725229 localhost:12006 (localhost:12004,localhost:12008)
[Mon Apr 22 2019 12:57:16.827729] {r} LSUPDATE localhost:12010 5 F 31 localhost:12008_1555963036.724594 1555963036.724594 localhost:12008 (localhost:12006,localhost:12010)
[Mon Apr 22 2019 12:57:16.869025] {r} LSUPDATE localhost:12006 1 F 15 localhost:12000_1555963036.749537 1555963036.749537 localhost:12000 (localhost:12002)
[Mon Apr 22 2019 12:57:16.913927] {r} LSUPDATE localhost:12006 1 F 15 localhost:12000_1555963036.749537 1555963036.749537 localhost:12000 (localhost:12002)
[Mon Apr 22 2019 12:57:21.084456] {r} LSUPDATE localhost:12006 7 F 31 localhost:12002_1555963036.687629 1555963036.687629 localhost:12002 (localhost:12004,localhost:12010)
[Mon Apr 22 2019 12:57:21.084666] {d} LSUPDATE localhost:12010 6 F 31 localhost:12002_1555963036.687629 1555963036.687629 localhost:12002 (localhost:12004,localhost:12010)
[Mon Apr 22 2019 12:57:21.089157] {r} LSUPDATE localhost:12006 7 F 4 localhost:12000_1555963036.687629 1555963036.687629 localhost:12000 (DOWN)
[Mon Apr 22 2019 12:57:21.089309] {d} LSUPDATE localhost:12010 6 F 4 localhost:12000_1555963036.687629 1555963036.687629 localhost:12000 (DOWN)
[Mon Apr 22 2019 12:57:21.090604] {r} LSUPDATE localhost:12006 7 F 31 localhost:12002_1555963036.687629 1555963036.687629 localhost:12002 (localhost:12004,localhost:12010)
[Mon Apr 22 2019 12:57:21.090721] {d} LSUPDATE localhost:12010 6 F 31 localhost:12002_1555963036.687629 1555963036.687629 localhost:12002 (localhost:12004,localhost:12010)
[Mon Apr 22 2019 12:57:22.089123] {r} LSUPDATE localhost:12010 5 F 31 localhost:12008_1555963036.724594 1555963036.724594 localhost:12008 (localhost:12006,localhost:12010)
[Mon Apr 22 2019 12:57:22.093053] {r} LSUPDATE localhost:12006 7 F 15 localhost:12002_1555963036.687629 1555963036.687629 localhost:12002 (localhost:12004)
[Mon Apr 22 2019 12:57:22.093218] {d} LSUPDATE localhost:12010 6 F 15 localhost:12002_1555963036.687629 1555963036.687629 localhost:12002 (localhost:12004)
[Mon Apr 22 2019 12:57:22.093358] {i} LSUPDATE localhost:12006 9 F 15 localhost:12008_1555963036.724594 1555963036.724594 localhost:12008 (localhost:12006)
[Mon Apr 22 2019 12:57:22.094223] {r} LSUPDATE localhost:12006 7 F 4 localhost:12010_1555963036.687629 1555963036.687629 localhost:12010 (DOWN)
[Mon Apr 22 2019 12:57:22.094389] {d} LSUPDATE localhost:12010 6 F 4 localhost:12010_1555963036.687629 1555963036.687629 localhost:12010 (DOWN)
[Mon Apr 22 2019 12:57:22.094567] {i} LSUPDATE localhost:12006 9 F 15 localhost:12008_1555963036.724594 1555963036.724594 localhost:12008 (localhost:12006)
[Mon Apr 22 2019 12:57:22.095906] {r} LSUPDATE localhost:12006 9 F 31 localhost:12006_1555963036.725229 1555963036.725229 localhost:12006 (localhost:12004,localhost:12008)
[Mon Apr 22 2019 12:57:22.096067] {d} LSUPDATE localhost:12010 8 F 31 localhost:12006_1555963036.725229 1555963036.725229 localhost:12006 (localhost:12004,localhost:12008)
[Mon Apr 22 2019 12:57:22.136558] {r} LSUPDATE localhost:12006 7 F 15 localhost:12002_1555963036.687629 1555963036.687629 localhost:12002 (localhost:12004)
[Mon Apr 22 2019 12:57:22.136819] {d} LSUPDATE localhost:12010 6 F 15 localhost:12002_1555963036.687629 1555963036.687629 localhost:12002 (localhost:12004)
[Mon Apr 22 2019 12:57:22.137020] {r} LSUPDATE localhost:12006 8 F 31 localhost:12004_1555963036.689044 1555963036.689044 localhost:12004 (localhost:12002,localhost:12006)
[Mon Apr 22 2019 12:57:22.137154] {d} LSUPDATE localhost:12010 7 F 31 localhost:12004_1555963036.689044 1555963036.689044 localhost:12004 (localhost:12002,localhost:12006)
