[Mon Apr 22 2019 14:03:27.765106] {i} LSUPDATE localhost:12002 9 F 15 localhost:12000_1555967007.765101 1555967007.765101 localhost:12000 (localhost:12002)
[Mon Apr 22 2019 14:03:27.765229] {r} LSUPDATE localhost:12002 9 F 15 localhost:12002_1555967007.764203 1555967007.764203 localhost:12002 (localhost:12000)
[Mon Apr 22 2019 14:03:27.765632] {i} LSUPDATE localhost:12002 9 F 15 localhost:12000_1555967007.765101 1555967007.765101 localhost:12000 (localhost:12002)
[Mon Apr 22 2019 14:03:27.765723] {r} LSUPDATE localhost:12002 9 F 15 localhost:12002_1555967007.764203 1555967007.764203 localhost:12002 (localhost:12000)
[Mon Apr 22 2019 14:03:39.654004] {r} LSUPDATE localhost:12002 9 F 31 localhost:12002_1555967007.764203 1555967007.764203 localhost:12002 (localhost:12000,localhost:12004)
[Mon Apr 22 2019 14:03:39.694782] {r} LSUPDATE localhost:12002 8 F 15 localhost:12004_1555967019.654906 1555967019.654906 localhost:12004 (localhost:12002)
[Mon Apr 22 2019 14:03:39.695191] {i} LSUPDATE localhost:12002 9 F 15 localhost:12000_1555967007.765101 1555967007.765101 localhost:12000 (localhost:12002)
[Mon Apr 22 2019 14:03:39.695499] {r} LSUPDATE localhost:12002 9 F 31 localhost:12002_1555967007.764203 1555967007.764203 localhost:12002 (localhost:12000,localhost:12004)
[Mon Apr 22 2019 14:03:39.695807] {r} LSUPDATE localhost:12002 8 F 15 localhost:12004_1555967019.654906 1555967019.654906 localhost:12004 (localhost:12002)
[Mon Apr 22 2019 14:03:47.027189] {r} LSUPDATE localhost:12002 9 F 47 localhost:12002_1555967007.764203 1555967007.764203 localhost:12002 (localhost:12000,localhost:12004,localhost:12012)
[Mon Apr 22 2019 14:03:47.070708] {r} LSUPDATE localhost:12002 8 F 31 localhost:12004_1555967019.654906 1555967019.654906 localhost:12004 (localhost:12002,localhost:12012)
[Mon Apr 22 2019 14:03:47.071052] {r} LSUPDATE localhost:12002 8 F 15 localhost:12012_1555967027.029293 1555967027.029293 localhost:12012 (localhost:12002)
[Mon Apr 22 2019 14:03:47.071300] {i} LSUPDATE localhost:12002 9 F 15 localhost:12000_1555967007.765101 1555967007.765101 localhost:12000 (localhost:12002)
[Mon Apr 22 2019 14:03:47.071520] {r} LSUPDATE localhost:12002 8 F 31 localhost:12004_1555967019.654906 1555967019.654906 localhost:12004 (localhost:12002,localhost:12012)
[Mon Apr 22 2019 14:03:47.071780] {r} LSUPDATE localhost:12002 9 F 47 localhost:12002_1555967007.764203 1555967007.764203 localhost:12002 (localhost:12000,localhost:12004,localhost:12012)
[Mon Apr 22 2019 14:03:47.073251] {r} LSUPDATE localhost:12002 8 F 31 localhost:12012_1555967027.029293 1555967027.029293 localhost:12012 (localhost:12002,localhost:12004)
[Mon Apr 22 2019 14:03:47.073706] {r} LSUPDATE localhost:12002 8 F 31 localhost:12012_1555967027.029293 1555967027.029293 localhost:12012 (localhost:12002,localhost:12004)
[Mon Apr 22 2019 14:03:47.074226] {r} LSUPDATE localhost:12002 7 F 31 localhost:12012_1555967027.029293 1555967027.029293 localhost:12012 (localhost:12002,localhost:12004)
[Mon Apr 22 2019 14:03:47.076339] {r} LSUPDATE localhost:12002 8 F 31 localhost:12012_1555967027.029293 1555967027.029293 localhost:12012 (localhost:12002,localhost:12004)
[Mon Apr 22 2019 14:03:47.077734] {r} LSUPDATE localhost:12002 7 F 31 localhost:12004_1555967019.654906 1555967019.654906 localhost:12004 (localhost:12002,localhost:12012)
[Mon Apr 22 2019 14:03:47.114931] {r} LSUPDATE localhost:12002 7 F 31 localhost:12004_1555967019.654906 1555967019.654906 localhost:12004 (localhost:12002,localhost:12012)
[Mon Apr 22 2019 14:03:53.016226] {r} LSUPDATE localhost:12002 7 F 31 localhost:12004_1555967019.654906 1555967019.654906 localhost:12004 (localhost:12002,localhost:12012)
[Mon Apr 22 2019 14:04:04.845536] {i} LSUPDATE localhost:12002 9 F 15 localhost:12000_1555967007.765101 1555967007.765101 localhost:12000 (localhost:12002)
[Mon Apr 22 2019 14:04:04.847477] {r} LSUPDATE localhost:12002 9 F 47 localhost:12002_1555967044.847218 1555967044.847218 localhost:12002 (localhost:12000,localhost:12004,localhost:12012)
[Mon Apr 22 2019 14:04:04.847564] {d} LSUPDATE localhost:12002 8 F 47 localhost:12002_1555967044.847218 1555967044.847218 localhost:12002 (localhost:12000,localhost:12004,localhost:12012)
[Mon Apr 22 2019 14:04:04.847640] {i} LSUPDATE localhost:12002 9 F 15 localhost:12000_1555967007.765101 1555967007.765101 localhost:12000 (localhost:12002)
[Mon Apr 22 2019 14:04:04.850940] {r} LSUPDATE localhost:12002 9 F 47 localhost:12002_1555967044.847218 1555967044.847218 localhost:12002 (localhost:12000,localhost:12004,localhost:12012)
[Mon Apr 22 2019 14:04:04.851438] {d} LSUPDATE localhost:12002 8 F 47 localhost:12002_1555967044.847218 1555967044.847218 localhost:12002 (localhost:12000,localhost:12004,localhost:12012)
[Mon Apr 22 2019 14:04:04.894701] {r} LSUPDATE localhost:12002 9 F 47 localhost:12002_1555967044.847218 1555967044.847218 localhost:12002 (localhost:12000,localhost:12004,localhost:12012)
[Mon Apr 22 2019 14:04:04.894889] {d} LSUPDATE localhost:12002 8 F 47 localhost:12002_1555967044.847218 1555967044.847218 localhost:12002 (localhost:12000,localhost:12004,localhost:12012)
[Mon Apr 22 2019 14:04:04.894992] {r} LSUPDATE localhost:12002 8 F 31 localhost:12012_1555967027.029293 1555967027.029293 localhost:12012 (localhost:12002,localhost:12004)
[Mon Apr 22 2019 14:04:04.895080] {d} LSUPDATE localhost:12002 7 F 31 localhost:12012_1555967027.029293 1555967027.029293 localhost:12012 (localhost:12002,localhost:12004)
[Mon Apr 22 2019 14:04:04.895177] {i} LSUPDATE localhost:12002 9 F 15 localhost:12000_1555967007.765101 1555967007.765101 localhost:12000 (localhost:12002)
[Mon Apr 22 2019 14:04:04.895278] {r} LSUPDATE localhost:12002 9 F 47 localhost:12002_1555967044.847218 1555967044.847218 localhost:12002 (localhost:12000,localhost:12004,localhost:12012)
[Mon Apr 22 2019 14:04:04.895385] {d} LSUPDATE localhost:12002 8 F 47 localhost:12002_1555967044.847218 1555967044.847218 localhost:12002 (localhost:12000,localhost:12004,localhost:12012)
[Mon Apr 22 2019 14:04:04.895572] {r} LSUPDATE localhost:12002 9 F 47 localhost:12002_1555967044.847218 1555967044.847218 localhost:12002 (localhost:12000,localhost:12004,localhost:12012)
[Mon Apr 22 2019 14:04:04.895857] {d} LSUPDATE localhost:12002 8 F 47 localhost:12002_1555967044.847218 1555967044.847218 localhost:12002 (localhost:12000,localhost:12004,localhost:12012)
[Mon Apr 22 2019 14:04:04.895951] {r} LSUPDATE localhost:12002 8 F 31 localhost:12012_1555967027.029293 1555967027.029293 localhost:12012 (localhost:12002,localhost:12004)
[Mon Apr 22 2019 14:04:04.896033] {d} LSUPDATE localhost:12002 7 F 31 localhost:12012_1555967027.029293 1555967027.029293 localhost:12012 (localhost:12002,localhost:12004)
[Mon Apr 22 2019 14:04:04.896122] {r} LSUPDATE localhost:12002 7 F 15 localhost:12004_1555967019.654906 1555967019.654906 localhost:12004 (localhost:12012)
[Mon Apr 22 2019 14:04:04.896210] {d} LSUPDATE localhost:12002 6 F 15 localhost:12004_1555967019.654906 1555967019.654906 localhost:12004 (localhost:12012)
[Mon Apr 22 2019 14:04:04.896295] {i} LSUPDATE localhost:12002 9 F 15 localhost:12000_1555967007.765101 1555967007.765101 localhost:12000 (localhost:12002)
[Mon Apr 22 2019 14:04:04.896402] {r} LSUPDATE localhost:12002 9 F 47 localhost:12002_1555967044.847218 1555967044.847218 localhost:12002 (localhost:12000,localhost:12004,localhost:12012)
[Mon Apr 22 2019 14:04:04.896492] {r} LSUPDATE localhost:12002 8 F 31 localhost:12004_1555967019.654906 1555967019.654906 localhost:12004 (localhost:12002,localhost:12012)
[Mon Apr 22 2019 14:04:04.896574] {d} LSUPDATE localhost:12002 7 F 31 localhost:12004_1555967019.654906 1555967019.654906 localhost:12004 (localhost:12002,localhost:12012)
[Mon Apr 22 2019 14:04:04.896663] {r} LSUPDATE localhost:12002 5 F 15 localhost:12000_1555967007.765101 1555967007.765101 localhost:12000 (localhost:12002)
[Mon Apr 22 2019 14:04:04.896752] {r} LSUPDATE localhost:12002 8 F 31 localhost:12004_1555967019.654906 1555967019.654906 localhost:12004 (localhost:12002,localhost:12012)
[Mon Apr 22 2019 14:04:04.896834] {d} LSUPDATE localhost:12002 7 F 31 localhost:12004_1555967019.654906 1555967019.654906 localhost:12004 (localhost:12002,localhost:12012)
[Mon Apr 22 2019 14:04:04.896937] {r} LSUPDATE localhost:12002 7 F 31 localhost:12004_1555967019.654906 1555967019.654906 localhost:12004 (localhost:12002,localhost:12012)
[Mon Apr 22 2019 14:04:04.897019] {d} LSUPDATE localhost:12002 6 F 31 localhost:12004_1555967019.654906 1555967019.654906 localhost:12004 (localhost:12002,localhost:12012)
[Mon Apr 22 2019 14:04:04.897109] {r} LSUPDATE localhost:12002 7 F 31 localhost:12004_1555967019.654906 1555967019.654906 localhost:12004 (localhost:12002,localhost:12012)
[Mon Apr 22 2019 14:04:04.897202] {d} LSUPDATE localhost:12002 6 F 31 localhost:12004_1555967019.654906 1555967019.654906 localhost:12004 (localhost:12002,localhost:12012)
[Mon Apr 22 2019 14:04:04.947692] {r} LSUPDATE localhost:12002 2 F 15 localhost:12000_1555967007.765101 1555967007.765101 localhost:12000 (localhost:12002)
[Mon Apr 22 2019 14:04:04.990841] {r} LSUPDATE localhost:12002 5 F 15 localhost:12000_1555967007.765101 1555967007.765101 localhost:12000 (localhost:12002)
[Mon Apr 22 2019 14:04:35.289503] {r} LSUPDATE localhost:12002 9 F 31 localhost:12002_1555967044.847218 1555967044.847218 localhost:12002 (localhost:12000,localhost:12004)
[Mon Apr 22 2019 14:04:35.290000] {d} LSUPDATE localhost:12002 8 F 31 localhost:12002_1555967044.847218 1555967044.847218 localhost:12002 (localhost:12000,localhost:12004)
[Mon Apr 22 2019 14:04:35.290936] {r} LSUPDATE localhost:12002 9 F 4 localhost:12012_1555967044.847218 1555967044.847218 localhost:12012 (DOWN)
[Mon Apr 22 2019 14:04:35.291463] {d} LSUPDATE localhost:12002 8 F 4 localhost:12012_1555967044.847218 1555967044.847218 localhost:12012 (DOWN)
[Mon Apr 22 2019 14:04:35.292521] {r} LSUPDATE localhost:12002 8 F 15 localhost:12004_1555967019.654906 1555967019.654906 localhost:12004 (localhost:12002)
[Mon Apr 22 2019 14:04:35.294832] {d} LSUPDATE localhost:12002 7 F 15 localhost:12004_1555967019.654906 1555967019.654906 localhost:12004 (localhost:12002)
[Mon Apr 22 2019 14:04:35.295446] {r} LSUPDATE localhost:12002 8 F 4 localhost:12012_1555967019.654906 1555967019.654906 localhost:12012 (DOWN)
[Mon Apr 22 2019 14:04:35.295654] {d} LSUPDATE localhost:12002 7 F 4 localhost:12012_1555967019.654906 1555967019.654906 localhost:12012 (DOWN)
[Mon Apr 22 2019 14:04:35.295800] {i} LSUPDATE localhost:12002 9 F 15 localhost:12000_1555967007.765101 1555967007.765101 localhost:12000 (localhost:12002)
[Mon Apr 22 2019 14:04:35.296319] {r} LSUPDATE localhost:12002 9 F 31 localhost:12002_1555967044.847218 1555967044.847218 localhost:12002 (localhost:12000,localhost:12004)
[Mon Apr 22 2019 14:04:35.296568] {d} LSUPDATE localhost:12002 8 F 31 localhost:12002_1555967044.847218 1555967044.847218 localhost:12002 (localhost:12000,localhost:12004)
[Mon Apr 22 2019 14:04:35.339120] {r} LSUPDATE localhost:12002 8 F 15 localhost:12004_1555967019.654906 1555967019.654906 localhost:12004 (localhost:12002)
[Mon Apr 22 2019 14:04:35.339555] {d} LSUPDATE localhost:12002 7 F 15 localhost:12004_1555967019.654906 1555967019.654906 localhost:12004 (localhost:12002)
[Mon Apr 22 2019 14:04:35.869477] {r} LSUPDATE localhost:12002 8 F 15 localhost:12004_1555967019.654906 1555967019.654906 localhost:12004 (localhost:12002)
