[Mon Apr 22 2019 14:04:04.847224] {i} LSUPDATE localhost:12000 9 F 47 localhost:12002_1555967044.847218 1555967044.847218 localhost:12002 (localhost:12000,localhost:12004,localhost:12012)
[Mon Apr 22 2019 14:04:04.847377] {r} LSUPDATE localhost:12000 9 F 15 localhost:12000_1555967007.765101 1555967007.765101 localhost:12000 (localhost:12002)
[Mon Apr 22 2019 14:04:04.847799] {d} LSUPDATE localhost:12004 8 F 15 localhost:12000_1555967007.765101 1555967007.765101 localhost:12000 (localhost:12002)
[Mon Apr 22 2019 14:04:04.849065] {d} LSUPDATE localhost:12012 8 F 15 localhost:12000_1555967007.765101 1555967007.765101 localhost:12000 (localhost:12002)
[Mon Apr 22 2019 14:04:04.849186] {i} LSUPDATE localhost:12000 9 F 47 localhost:12002_1555967044.847218 1555967044.847218 localhost:12002 (localhost:12000,localhost:12004,localhost:12012)
[Mon Apr 22 2019 14:04:04.850725] {r} LSUPDATE localhost:12000 9 F 15 localhost:12000_1555967007.765101 1555967007.765101 localhost:12000 (localhost:12002)
[Mon Apr 22 2019 14:04:04.854315] {i} LSUPDATE localhost:12012 9 F 47 localhost:12002_1555967044.847218 1555967044.847218 localhost:12002 (localhost:12000,localhost:12004,localhost:12012)
[Mon Apr 22 2019 14:04:04.847291] {r} LSUPDATE localhost:12004 8 F 31 localhost:12012_1555967027.029293 1555967027.029293 localhost:12012 (localhost:12002,localhost:12004)
[Mon Apr 22 2019 14:04:04.854924] {i} LSUPDATE localhost:12004 9 F 47 localhost:12002_1555967044.847218 1555967044.847218 localhost:12002 (localhost:12000,localhost:12004,localhost:12012)
[Mon Apr 22 2019 14:04:04.854390] {d} LSUPDATE localhost:12004 8 F 15 localhost:12000_1555967007.765101 1555967007.765101 localhost:12000 (localhost:12002)
[Mon Apr 22 2019 14:04:04.858813] {d} LSUPDATE localhost:12012 8 F 15 localhost:12000_1555967007.765101 1555967007.765101 localhost:12000 (localhost:12002)
[Mon Apr 22 2019 14:04:04.859003] {r} LSUPDATE localhost:12012 9 F 31 localhost:12012_1555967027.029293 1555967027.029293 localhost:12012 (localhost:12002,localhost:12004)
[Mon Apr 22 2019 14:04:04.859111] {d} LSUPDATE localhost:12000 8 F 31 localhost:12012_1555967027.029293 1555967027.029293 localhost:12012 (localhost:12002,localhost:12004)
[Mon Apr 22 2019 14:04:04.859198] {d} LSUPDATE localhost:12004 8 F 31 localhost:12012_1555967027.029293 1555967027.029293 localhost:12012 (localhost:12002,localhost:12004)
[Mon Apr 22 2019 14:04:04.859324] {i} LSUPDATE localhost:12012 9 F 47 localhost:12002_1555967044.847218 1555967044.847218 localhost:12002 (localhost:12000,localhost:12004,localhost:12012)
[Mon Apr 22 2019 14:04:04.859512] {r} LSUPDATE localhost:12012 9 F 31 localhost:12012_1555967027.029293 1555967027.029293 localhost:12012 (localhost:12002,localhost:12004)
[Mon Apr 22 2019 14:04:04.859632] {d} LSUPDATE localhost:12000 8 F 31 localhost:12012_1555967027.029293 1555967027.029293 localhost:12012 (localhost:12002,localhost:12004)
[Mon Apr 22 2019 14:04:04.859868] {d} LSUPDATE localhost:12004 8 F 31 localhost:12012_1555967027.029293 1555967027.029293 localhost:12012 (localhost:12002,localhost:12004)
[Mon Apr 22 2019 14:04:04.859974] {r} LSUPDATE localhost:12012 8 F 15 localhost:12004_1555967019.654906 1555967019.654906 localhost:12004 (localhost:12012)
[Mon Apr 22 2019 14:04:04.860216] {d} LSUPDATE localhost:12000 7 F 15 localhost:12004_1555967019.654906 1555967019.654906 localhost:12004 (localhost:12012)
[Mon Apr 22 2019 14:04:04.860992] {d} LSUPDATE localhost:12004 7 F 15 localhost:12004_1555967019.654906 1555967019.654906 localhost:12004 (localhost:12012)
[Mon Apr 22 2019 14:04:04.861126] {i} LSUPDATE localhost:12012 9 F 47 localhost:12002_1555967044.847218 1555967044.847218 localhost:12002 (localhost:12000,localhost:12004,localhost:12012)
[Mon Apr 22 2019 14:04:04.859426] {r} LSUPDATE localhost:12004 7 F 47 localhost:12002_1555967044.847218 1555967044.847218 localhost:12002 (localhost:12000,localhost:12004,localhost:12012)
[Mon Apr 22 2019 14:04:04.862339] {r} LSUPDATE localhost:12004 9 F 15 localhost:12004_1555967019.654906 1555967019.654906 localhost:12004 (localhost:12012)
[Mon Apr 22 2019 14:04:04.863158] {r} LSUPDATE localhost:12004 8 F 31 localhost:12012_1555967027.029293 1555967027.029293 localhost:12012 (localhost:12002,localhost:12004)
[Mon Apr 22 2019 14:04:04.864557] {r} LSUPDATE localhost:12004 9 F 31 localhost:12004_1555967019.654906 1555967019.654906 localhost:12004 (localhost:12002,localhost:12012)
[Mon Apr 22 2019 14:04:04.864804] {d} LSUPDATE localhost:12000 8 F 31 localhost:12004_1555967019.654906 1555967019.654906 localhost:12004 (localhost:12002,localhost:12012)
[Mon Apr 22 2019 14:04:04.864899] {d} LSUPDATE localhost:12012 8 F 31 localhost:12004_1555967019.654906 1555967019.654906 localhost:12004 (localhost:12002,localhost:12012)
[Mon Apr 22 2019 14:04:04.865007] {r} LSUPDATE localhost:12004 6 F 15 localhost:12000_1555967007.765101 1555967007.765101 localhost:12000 (localhost:12002)
[Mon Apr 22 2019 14:04:04.865209] {d} LSUPDATE localhost:12000 5 F 15 localhost:12000_1555967007.765101 1555967007.765101 localhost:12000 (localhost:12002)
[Mon Apr 22 2019 14:04:04.865299] {d} LSUPDATE localhost:12012 5 F 15 localhost:12000_1555967007.765101 1555967007.765101 localhost:12000 (localhost:12002)
[Mon Apr 22 2019 14:04:04.865405] {r} LSUPDATE localhost:12004 9 F 31 localhost:12004_1555967019.654906 1555967019.654906 localhost:12004 (localhost:12002,localhost:12012)
[Mon Apr 22 2019 14:04:04.862256] {r} LSUPDATE localhost:12012 8 F 31 localhost:12004_1555967019.654906 1555967019.654906 localhost:12004 (localhost:12002,localhost:12012)
[Mon Apr 22 2019 14:04:04.870840] {d} LSUPDATE localhost:12000 8 F 31 localhost:12004_1555967019.654906 1555967019.654906 localhost:12004 (localhost:12002,localhost:12012)
[Mon Apr 22 2019 14:04:04.870957] {d} LSUPDATE localhost:12012 8 F 31 localhost:12004_1555967019.654906 1555967019.654906 localhost:12004 (localhost:12002,localhost:12012)
[Mon Apr 22 2019 14:04:04.871059] {r} LSUPDATE localhost:12004 7 F 47 localhost:12002_1555967044.847218 1555967044.847218 localhost:12002 (localhost:12000,localhost:12004,localhost:12012)
[Mon Apr 22 2019 14:04:04.871125] {d} LSUPDATE localhost:12000 7 F 31 localhost:12004_1555967019.654906 1555967019.654906 localhost:12004 (localhost:12002,localhost:12012)
[Mon Apr 22 2019 14:04:04.871246] {d} LSUPDATE localhost:12004 7 F 31 localhost:12004_1555967019.654906 1555967019.654906 localhost:12004 (localhost:12002,localhost:12012)
[Mon Apr 22 2019 14:04:04.871338] {r} LSUPDATE localhost:12012 9 F 31 localhost:12012_1555967027.029293 1555967027.029293 localhost:12012 (localhost:12002,localhost:12004)
[Mon Apr 22 2019 14:04:04.871438] {r} LSUPDATE localhost:12012 8 F 31 localhost:12004_1555967019.654906 1555967019.654906 localhost:12004 (localhost:12002,localhost:12012)
[Mon Apr 22 2019 14:04:04.871536] {d} LSUPDATE localhost:12000 7 F 31 localhost:12004_1555967019.654906 1555967019.654906 localhost:12004 (localhost:12002,localhost:12012)
[Mon Apr 22 2019 14:04:04.871655] {d} LSUPDATE localhost:12004 7 F 31 localhost:12004_1555967019.654906 1555967019.654906 localhost:12004 (localhost:12002,localhost:12012)
[Mon Apr 22 2019 14:04:04.895475] {r} LSUPDATE localhost:12000 9 F 15 localhost:12000_1555967007.765101 1555967007.765101 localhost:12000 (localhost:12002)
[Mon Apr 22 2019 14:04:04.895665] {d} LSUPDATE localhost:12004 8 F 15 localhost:12000_1555967007.765101 1555967007.765101 localhost:12000 (localhost:12002)
[Mon Apr 22 2019 14:04:04.895754] {d} LSUPDATE localhost:12012 8 F 15 localhost:12000_1555967007.765101 1555967007.765101 localhost:12000 (localhost:12002)
[Mon Apr 22 2019 14:04:04.903916] {r} LSUPDATE localhost:12004 7 F 47 localhost:12002_1555967044.847218 1555967044.847218 localhost:12002 (localhost:12000,localhost:12004,localhost:12012)
[Mon Apr 22 2019 14:04:04.904518] {r} LSUPDATE localhost:12012 7 F 47 localhost:12002_1555967044.847218 1555967044.847218 localhost:12002 (localhost:12000,localhost:12004,localhost:12012)
[Mon Apr 22 2019 14:04:04.938704] {r} LSUPDATE localhost:12000 9 F 15 localhost:12000_1555967007.765101 1555967007.765101 localhost:12000 (localhost:12002)
[Mon Apr 22 2019 14:04:04.947327] {r} LSUPDATE localhost:12004 3 F 15 localhost:12000_1555967007.765101 1555967007.765101 localhost:12000 (localhost:12002)
[Mon Apr 22 2019 14:04:04.947592] {d} LSUPDATE localhost:12000 2 F 15 localhost:12000_1555967007.765101 1555967007.765101 localhost:12000 (localhost:12002)
[Mon Apr 22 2019 14:04:04.947810] {d} LSUPDATE localhost:12012 2 F 15 localhost:12000_1555967007.765101 1555967007.765101 localhost:12000 (localhost:12002)
[Mon Apr 22 2019 14:04:04.948564] {r} LSUPDATE localhost:12004 6 F 15 localhost:12000_1555967007.765101 1555967007.765101 localhost:12000 (localhost:12002)
[Mon Apr 22 2019 14:04:04.948696] {d} LSUPDATE localhost:12000 5 F 15 localhost:12000_1555967007.765101 1555967007.765101 localhost:12000 (localhost:12002)
[Mon Apr 22 2019 14:04:04.948793] {d} LSUPDATE localhost:12012 5 F 15 localhost:12000_1555967007.765101 1555967007.765101 localhost:12000 (localhost:12002)
[Mon Apr 22 2019 14:04:04.992194] {r} LSUPDATE localhost:12004 3 F 15 localhost:12000_1555967007.765101 1555967007.765101 localhost:12000 (localhost:12002)
[Mon Apr 22 2019 14:04:35.288111] {r} LSUPDATE localhost:12012 7 F 47 localhost:12002_1555967044.847218 1555967044.847218 localhost:12002 (localhost:12000,localhost:12004,localhost:12012)
[Mon Apr 22 2019 14:04:35.291274] {r} LSUPDATE localhost:12004 9 F 15 localhost:12004_1555967019.654906 1555967019.654906 localhost:12004 (localhost:12002)
[Mon Apr 22 2019 14:04:35.291892] {d} LSUPDATE localhost:12000 8 F 15 localhost:12004_1555967019.654906 1555967019.654906 localhost:12004 (localhost:12002)
[Mon Apr 22 2019 14:04:35.292223] {d} LSUPDATE localhost:12012 8 F 15 localhost:12004_1555967019.654906 1555967019.654906 localhost:12004 (localhost:12002)
[Mon Apr 22 2019 14:04:35.294977] {r} LSUPDATE localhost:12004 9 F 4 localhost:12012_1555967019.654906 1555967019.654906 localhost:12012 (DOWN)
[Mon Apr 22 2019 14:04:35.295183] {d} LSUPDATE localhost:12000 8 F 4 localhost:12012_1555967019.654906 1555967019.654906 localhost:12012 (DOWN)
[Mon Apr 22 2019 14:04:35.295336] {d} LSUPDATE localhost:12012 8 F 4 localhost:12012_1555967019.654906 1555967019.654906 localhost:12012 (DOWN)
[Mon Apr 22 2019 14:04:35.295551] {i} LSUPDATE localhost:12004 9 F 31 localhost:12002_1555967044.847218 1555967044.847218 localhost:12002 (localhost:12000,localhost:12004)
[Mon Apr 22 2019 14:04:35.295924] {r} LSUPDATE localhost:12000 9 F 15 localhost:12000_1555967007.765101 1555967007.765101 localhost:12000 (localhost:12002)
[Mon Apr 22 2019 14:04:35.296082] {d} LSUPDATE localhost:12004 8 F 15 localhost:12000_1555967007.765101 1555967007.765101 localhost:12000 (localhost:12002)
[Mon Apr 22 2019 14:04:35.296200] {d} LSUPDATE localhost:12012 8 F 15 localhost:12000_1555967007.765101 1555967007.765101 localhost:12000 (localhost:12002)
[Mon Apr 22 2019 14:04:35.298423] {r} LSUPDATE localhost:12004 9 F 15 localhost:12004_1555967019.654906 1555967019.654906 localhost:12004 (localhost:12002)
[Mon Apr 22 2019 14:04:35.298666] {d} LSUPDATE localhost:12000 8 F 15 localhost:12004_1555967019.654906 1555967019.654906 localhost:12004 (localhost:12002)
[Mon Apr 22 2019 14:04:35.298744] {d} LSUPDATE localhost:12012 8 F 15 localhost:12004_1555967019.654906 1555967019.654906 localhost:12004 (localhost:12002)
