[Mon Apr 22 2019 12:57:16.755389] {i} SAYHELLO localhost:12002 1 - 0
[Mon Apr 22 2019 12:57:16.755900] {i} SAYHELLO localhost:12008 1 - 0
[Mon Apr 22 2019 12:57:16.757075] {r} SAYHELLO localhost:12002 1 - 0
[Mon Apr 22 2019 12:57:16.757169] {i} LSUPDATE localhost:12002 9 F 31 localhost:12010_1555963036.757163 1555963036.757163 localhost:12010 (localhost:12002,localhost:12008)
[Mon Apr 22 2019 12:57:16.764351] {r} LSUPDATE localhost:12002 9 F 47 localhost:12002_1555963036.687629 1555963036.687629 localhost:12002 (localhost:12000,localhost:12004,localhost:12010)
[Mon Apr 22 2019 12:57:16.765008] {d} LSUPDATE localhost:12008 8 F 47 localhost:12002_1555963036.687629 1555963036.687629 localhost:12002 (localhost:12000,localhost:12004,localhost:12010)
[Mon Apr 22 2019 12:57:16.765089] {i} LSUPDATE localhost:12002 9 F 31 localhost:12010_1555963036.757163 1555963036.757163 localhost:12010 (localhost:12002,localhost:12008)
[Mon Apr 22 2019 12:57:16.766181] {r} LSUPDATE localhost:12002 9 F 47 localhost:12002_1555963036.687629 1555963036.687629 localhost:12002 (localhost:12000,localhost:12004,localhost:12010)
[Mon Apr 22 2019 12:57:16.773957] {d} LSUPDATE localhost:12008 8 F 47 localhost:12002_1555963036.687629 1555963036.687629 localhost:12002 (localhost:12000,localhost:12004,localhost:12010)
[Mon Apr 22 2019 12:57:16.774104] {r} LSUPDATE localhost:12002 7 F 31 localhost:12006_1555963036.725229 1555963036.725229 localhost:12006 (localhost:12004,localhost:12008)
[Mon Apr 22 2019 12:57:16.776064] {d} LSUPDATE localhost:12008 6 F 31 localhost:12006_1555963036.725229 1555963036.725229 localhost:12006 (localhost:12004,localhost:12008)
[Mon Apr 22 2019 12:57:16.776830] {i} LSUPDATE localhost:12002 9 F 31 localhost:12010_1555963036.757163 1555963036.757163 localhost:12010 (localhost:12002,localhost:12008)
[Mon Apr 22 2019 12:57:16.774057] {r} SAYHELLO localhost:12008 1 - 0
[Mon Apr 22 2019 12:57:16.777688] {i} LSUPDATE localhost:12008 9 F 31 localhost:12010_1555963036.757163 1555963036.757163 localhost:12010 (localhost:12002,localhost:12008)
[Mon Apr 22 2019 12:57:16.777812] {r} LSUPDATE localhost:12008 9 F 31 localhost:12008_1555963036.724594 1555963036.724594 localhost:12008 (localhost:12006,localhost:12010)
[Mon Apr 22 2019 12:57:16.780099] {d} LSUPDATE localhost:12002 8 F 31 localhost:12008_1555963036.724594 1555963036.724594 localhost:12008 (localhost:12006,localhost:12010)
[Mon Apr 22 2019 12:57:16.781050] {i} LSUPDATE localhost:12008 9 F 31 localhost:12010_1555963036.757163 1555963036.757163 localhost:12010 (localhost:12002,localhost:12008)
[Mon Apr 22 2019 12:57:16.781151] {r} LSUPDATE localhost:12008 8 F 31 localhost:12006_1555963036.725229 1555963036.725229 localhost:12006 (localhost:12004,localhost:12008)
[Mon Apr 22 2019 12:57:16.782096] {r} LSUPDATE localhost:12008 7 F 31 localhost:12004_1555963036.689044 1555963036.689044 localhost:12004 (localhost:12002,localhost:12006)
[Mon Apr 22 2019 12:57:16.782189] {d} LSUPDATE localhost:12002 6 F 31 localhost:12004_1555963036.689044 1555963036.689044 localhost:12004 (localhost:12002,localhost:12006)
[Mon Apr 22 2019 12:57:16.782282] {i} LSUPDATE localhost:12008 9 F 31 localhost:12010_1555963036.757163 1555963036.757163 localhost:12010 (localhost:12002,localhost:12008)
[Mon Apr 22 2019 12:57:16.782362] {r} LSUPDATE localhost:12008 8 F 31 localhost:12006_1555963036.725229 1555963036.725229 localhost:12006 (localhost:12004,localhost:12008)
[Mon Apr 22 2019 12:57:16.782454] {d} LSUPDATE localhost:12002 7 F 31 localhost:12006_1555963036.725229 1555963036.725229 localhost:12006 (localhost:12004,localhost:12008)
[Mon Apr 22 2019 12:57:16.782543] {r} LSUPDATE localhost:12008 9 F 31 localhost:12008_1555963036.724594 1555963036.724594 localhost:12008 (localhost:12006,localhost:12010)
[Mon Apr 22 2019 12:57:16.788763] {d} LSUPDATE localhost:12002 8 F 31 localhost:12008_1555963036.724594 1555963036.724594 localhost:12008 (localhost:12006,localhost:12010)
[Mon Apr 22 2019 12:57:16.789014] {r} LSUPDATE localhost:12008 6 F 31 localhost:12002_1555963036.687629 1555963036.687629 localhost:12002 (localhost:12000,localhost:12004)
[Mon Apr 22 2019 12:57:16.789151] {d} LSUPDATE localhost:12002 5 F 31 localhost:12002_1555963036.687629 1555963036.687629 localhost:12002 (localhost:12000,localhost:12004)
[Mon Apr 22 2019 12:57:16.789288] {r} LSUPDATE localhost:12008 9 F 31 localhost:12008_1555963036.724594 1555963036.724594 localhost:12008 (localhost:12006,localhost:12010)
[Mon Apr 22 2019 12:57:16.792677] {d} LSUPDATE localhost:12002 8 F 31 localhost:12008_1555963036.724594 1555963036.724594 localhost:12008 (localhost:12006,localhost:12010)
[Mon Apr 22 2019 12:57:16.792863] {r} LSUPDATE localhost:12008 8 F 31 localhost:12006_1555963036.725229 1555963036.725229 localhost:12006 (localhost:12004,localhost:12008)
[Mon Apr 22 2019 12:57:16.777648] {r} LSUPDATE localhost:12002 6 F 15 localhost:12008_1555963036.724594 1555963036.724594 localhost:12008 (localhost:12006)
[Mon Apr 22 2019 12:57:16.793019] {d} LSUPDATE localhost:12002 7 F 31 localhost:12006_1555963036.725229 1555963036.725229 localhost:12006 (localhost:12004,localhost:12008)
[Mon Apr 22 2019 12:57:16.793166] {r} LSUPDATE localhost:12008 5 F 15 localhost:12000_1555963036.749537 1555963036.749537 localhost:12000 (localhost:12002)
[Mon Apr 22 2019 12:57:16.793208] {d} LSUPDATE localhost:12008 5 F 15 localhost:12008_1555963036.724594 1555963036.724594 localhost:12008 (localhost:12006)
[Mon Apr 22 2019 12:57:16.793358] {r} LSUPDATE localhost:12002 9 F 47 localhost:12002_1555963036.687629 1555963036.687629 localhost:12002 (localhost:12000,localhost:12004,localhost:12010)
[Mon Apr 22 2019 12:57:16.793452] {d} LSUPDATE localhost:12002 4 F 15 localhost:12000_1555963036.749537 1555963036.749537 localhost:12000 (localhost:12002)
[Mon Apr 22 2019 12:57:16.793527] {i} LSUPDATE localhost:12008 9 F 31 localhost:12010_1555963036.757163 1555963036.757163 localhost:12010 (localhost:12002,localhost:12008)
[Mon Apr 22 2019 12:57:16.793588] {d} LSUPDATE localhost:12008 8 F 47 localhost:12002_1555963036.687629 1555963036.687629 localhost:12002 (localhost:12000,localhost:12004,localhost:12010)
[Mon Apr 22 2019 12:57:16.793694] {r} LSUPDATE localhost:12002 8 F 31 localhost:12004_1555963036.689044 1555963036.689044 localhost:12004 (localhost:12002,localhost:12006)
[Mon Apr 22 2019 12:57:16.793811] {r} LSUPDATE localhost:12008 9 F 31 localhost:12008_1555963036.724594 1555963036.724594 localhost:12008 (localhost:12006,localhost:12010)
[Mon Apr 22 2019 12:57:16.793899] {d} LSUPDATE localhost:12008 7 F 31 localhost:12004_1555963036.689044 1555963036.689044 localhost:12004 (localhost:12002,localhost:12006)
[Mon Apr 22 2019 12:57:16.794020] {r} LSUPDATE localhost:12002 7 F 31 localhost:12006_1555963036.725229 1555963036.725229 localhost:12006 (localhost:12004,localhost:12008)
[Mon Apr 22 2019 12:57:16.794110] {d} LSUPDATE localhost:12002 8 F 31 localhost:12008_1555963036.724594 1555963036.724594 localhost:12008 (localhost:12006,localhost:12010)
[Mon Apr 22 2019 12:57:16.794191] {r} LSUPDATE localhost:12008 7 F 31 localhost:12004_1555963036.689044 1555963036.689044 localhost:12004 (localhost:12002,localhost:12006)
[Mon Apr 22 2019 12:57:16.794255] {d} LSUPDATE localhost:12008 6 F 31 localhost:12006_1555963036.725229 1555963036.725229 localhost:12006 (localhost:12004,localhost:12008)
[Mon Apr 22 2019 12:57:16.794357] {r} LSUPDATE localhost:12002 6 F 15 localhost:12008_1555963036.724594 1555963036.724594 localhost:12008 (localhost:12006)
[Mon Apr 22 2019 12:57:16.794460] {r} LSUPDATE localhost:12002 6 F 31 localhost:12008_1555963036.724594 1555963036.724594 localhost:12008 (localhost:12006,localhost:12010)
[Mon Apr 22 2019 12:57:16.794530] {d} LSUPDATE localhost:12008 5 F 31 localhost:12008_1555963036.724594 1555963036.724594 localhost:12008 (localhost:12006,localhost:12010)
[Mon Apr 22 2019 12:57:16.794616] {r} LSUPDATE localhost:12002 5 F 31 localhost:12010_1555963036.757163 1555963036.757163 localhost:12010 (localhost:12002,localhost:12008)
[Mon Apr 22 2019 12:57:16.794771] {r} LSUPDATE localhost:12002 6 F 31 localhost:12008_1555963036.724594 1555963036.724594 localhost:12008 (localhost:12006,localhost:12010)
[Mon Apr 22 2019 12:57:16.794880] {d} LSUPDATE localhost:12008 5 F 31 localhost:12008_1555963036.724594 1555963036.724594 localhost:12008 (localhost:12006,localhost:12010)
[Mon Apr 22 2019 12:57:16.794973] {r} LSUPDATE localhost:12002 7 F 31 localhost:12006_1555963036.725229 1555963036.725229 localhost:12006 (localhost:12004,localhost:12008)
[Mon Apr 22 2019 12:57:16.795051] {d} LSUPDATE localhost:12008 6 F 31 localhost:12006_1555963036.725229 1555963036.725229 localhost:12006 (localhost:12004,localhost:12008)
[Mon Apr 22 2019 12:57:16.795138] {r} LSUPDATE localhost:12002 6 F 31 localhost:12008_1555963036.724594 1555963036.724594 localhost:12008 (localhost:12006,localhost:12010)
[Mon Apr 22 2019 12:57:16.795211] {d} LSUPDATE localhost:12008 5 F 31 localhost:12008_1555963036.724594 1555963036.724594 localhost:12008 (localhost:12006,localhost:12010)
[Mon Apr 22 2019 12:57:16.794426] {r} LSUPDATE localhost:12008 6 F 31 localhost:12002_1555963036.687629 1555963036.687629 localhost:12002 (localhost:12000,localhost:12004)
[Mon Apr 22 2019 12:57:16.795363] {d} LSUPDATE localhost:12002 5 F 31 localhost:12002_1555963036.687629 1555963036.687629 localhost:12002 (localhost:12000,localhost:12004)
[Mon Apr 22 2019 12:57:16.795443] {r} LSUPDATE localhost:12008 5 F 15 localhost:12000_1555963036.749537 1555963036.749537 localhost:12000 (localhost:12002)
[Mon Apr 22 2019 12:57:16.795531] {d} LSUPDATE localhost:12002 4 F 15 localhost:12000_1555963036.749537 1555963036.749537 localhost:12000 (localhost:12002)
[Mon Apr 22 2019 12:57:16.795661] {r} LSUPDATE localhost:12008 6 F 47 localhost:12002_1555963036.687629 1555963036.687629 localhost:12002 (localhost:12000,localhost:12004,localhost:12010)
[Mon Apr 22 2019 12:57:16.796352] {d} LSUPDATE localhost:12002 5 F 47 localhost:12002_1555963036.687629 1555963036.687629 localhost:12002 (localhost:12000,localhost:12004,localhost:12010)
[Mon Apr 22 2019 12:57:16.819193] {r} LSUPDATE localhost:12002 5 F 31 localhost:12010_1555963036.757163 1555963036.757163 localhost:12010 (localhost:12002,localhost:12008)
[Mon Apr 22 2019 12:57:16.822032] {r} LSUPDATE localhost:12008 5 F 31 localhost:12010_1555963036.757163 1555963036.757163 localhost:12010 (localhost:12002,localhost:12008)
[Mon Apr 22 2019 12:57:16.824763] {r} LSUPDATE localhost:12002 5 F 31 localhost:12010_1555963036.757163 1555963036.757163 localhost:12010 (localhost:12002,localhost:12008)
[Mon Apr 22 2019 12:57:16.864554] {r} LSUPDATE localhost:12008 6 F 47 localhost:12002_1555963036.687629 1555963036.687629 localhost:12002 (localhost:12000,localhost:12004,localhost:12010)
[Mon Apr 22 2019 12:57:16.864720] {d} LSUPDATE localhost:12002 5 F 47 localhost:12002_1555963036.687629 1555963036.687629 localhost:12002 (localhost:12000,localhost:12004,localhost:12010)
[Mon Apr 22 2019 12:57:16.864952] {r} LSUPDATE localhost:12008 5 F 31 localhost:12010_1555963036.757163 1555963036.757163 localhost:12010 (localhost:12002,localhost:12008)
[Mon Apr 22 2019 12:57:16.865074] {r} LSUPDATE localhost:12008 5 F 31 localhost:12010_1555963036.757163 1555963036.757163 localhost:12010 (localhost:12002,localhost:12008)
[Mon Apr 22 2019 12:57:21.084750] {r} LSUPDATE localhost:12008 6 F 31 localhost:12002_1555963036.687629 1555963036.687629 localhost:12002 (localhost:12004,localhost:12010)
[Mon Apr 22 2019 12:57:21.084906] {d} LSUPDATE localhost:12002 5 F 31 localhost:12002_1555963036.687629 1555963036.687629 localhost:12002 (localhost:12004,localhost:12010)
[Mon Apr 22 2019 12:57:21.086991] {r} LSUPDATE localhost:12002 9 F 31 localhost:12002_1555963036.687629 1555963036.687629 localhost:12002 (localhost:12004,localhost:12010)
[Mon Apr 22 2019 12:57:21.089392] {r} LSUPDATE localhost:12008 6 F 4 localhost:12000_1555963036.687629 1555963036.687629 localhost:12000 (DOWN)
[Mon Apr 22 2019 12:57:21.089529] {r} LSUPDATE localhost:12002 9 F 4 localhost:12000_1555963036.687629 1555963036.687629 localhost:12000 (DOWN)
[Mon Apr 22 2019 12:57:21.089567] {d} LSUPDATE localhost:12002 5 F 4 localhost:12000_1555963036.687629 1555963036.687629 localhost:12000 (DOWN)
[Mon Apr 22 2019 12:57:21.090797] {r} LSUPDATE localhost:12008 6 F 31 localhost:12002_1555963036.687629 1555963036.687629 localhost:12002 (localhost:12004,localhost:12010)
[Mon Apr 22 2019 12:57:21.090994] {r} LSUPDATE localhost:12002 9 F 31 localhost:12002_1555963036.687629 1555963036.687629 localhost:12002 (localhost:12004,localhost:12010)
[Mon Apr 22 2019 12:57:21.091032] {d} LSUPDATE localhost:12002 5 F 31 localhost:12002_1555963036.687629 1555963036.687629 localhost:12002 (localhost:12004,localhost:12010)
