[Mon Apr 22 2019 14:03:47.027938] {r} LSUPDATE localhost:12004 8 F 47 localhost:12002_1555967007.764203 1555967007.764203 localhost:12002 (localhost:12000,localhost:12004,localhost:12012)
[Mon Apr 22 2019 14:03:47.029299] {i} LSUPDATE localhost:12002 9 F 15 localhost:12012_1555967027.029293 1555967027.029293 localhost:12012 (localhost:12002)
[Mon Apr 22 2019 14:03:47.029426] {r} LSUPDATE localhost:12002 9 F 47 localhost:12002_1555967007.764203 1555967007.764203 localhost:12002 (localhost:12000,localhost:12004,localhost:12012)
[Mon Apr 22 2019 14:03:47.029353] {i} LSUPDATE localhost:12004 9 F 31 localhost:12012_1555967027.029293 1555967027.029293 localhost:12012 (localhost:12002,localhost:12004)
[Mon Apr 22 2019 14:03:47.031014] {d} LSUPDATE localhost:12004 8 F 47 localhost:12002_1555967007.764203 1555967007.764203 localhost:12002 (localhost:12000,localhost:12004,localhost:12012)
[Mon Apr 22 2019 14:03:47.031234] {i} LSUPDATE localhost:12002 9 F 31 localhost:12012_1555967027.029293 1555967027.029293 localhost:12012 (localhost:12002,localhost:12004)
[Mon Apr 22 2019 14:03:47.031318] {r} LSUPDATE localhost:12002 8 F 31 localhost:12004_1555967019.654906 1555967019.654906 localhost:12004 (localhost:12002,localhost:12012)
[Mon Apr 22 2019 14:03:47.031681] {d} LSUPDATE localhost:12004 7 F 31 localhost:12004_1555967019.654906 1555967019.654906 localhost:12004 (localhost:12002,localhost:12012)
[Mon Apr 22 2019 14:03:47.032021] {i} LSUPDATE localhost:12002 9 F 31 localhost:12012_1555967027.029293 1555967027.029293 localhost:12012 (localhost:12002,localhost:12004)
[Mon Apr 22 2019 14:03:47.032109] {r} LSUPDATE localhost:12002 8 F 31 localhost:12004_1555967019.654906 1555967019.654906 localhost:12004 (localhost:12002,localhost:12012)
[Mon Apr 22 2019 14:03:47.032208] {d} LSUPDATE localhost:12004 7 F 31 localhost:12004_1555967019.654906 1555967019.654906 localhost:12004 (localhost:12002,localhost:12012)
[Mon Apr 22 2019 14:03:47.033047] {r} LSUPDATE localhost:12002 9 F 47 localhost:12002_1555967007.764203 1555967007.764203 localhost:12002 (localhost:12000,localhost:12004,localhost:12012)
[Mon Apr 22 2019 14:03:47.033179] {d} LSUPDATE localhost:12004 8 F 47 localhost:12002_1555967007.764203 1555967007.764203 localhost:12002 (localhost:12000,localhost:12004,localhost:12012)
[Mon Apr 22 2019 14:03:47.034724] {r} LSUPDATE localhost:12002 7 F 31 localhost:12012_1555967027.029293 1555967027.029293 localhost:12012 (localhost:12002,localhost:12004)
[Mon Apr 22 2019 14:03:47.035046] {r} LSUPDATE localhost:12004 9 F 31 localhost:12004_1555967019.654906 1555967019.654906 localhost:12004 (localhost:12002,localhost:12012)
[Mon Apr 22 2019 14:03:47.035185] {d} LSUPDATE localhost:12002 8 F 31 localhost:12004_1555967019.654906 1555967019.654906 localhost:12004 (localhost:12002,localhost:12012)
[Mon Apr 22 2019 14:03:47.035277] {r} LSUPDATE localhost:12004 7 F 15 localhost:12012_1555967027.029293 1555967027.029293 localhost:12012 (localhost:12002)
[Mon Apr 22 2019 14:03:47.035363] {r} LSUPDATE localhost:12004 9 F 31 localhost:12004_1555967019.654906 1555967019.654906 localhost:12004 (localhost:12002,localhost:12012)
[Mon Apr 22 2019 14:03:47.035441] {d} LSUPDATE localhost:12002 8 F 31 localhost:12004_1555967019.654906 1555967019.654906 localhost:12004 (localhost:12002,localhost:12012)
[Mon Apr 22 2019 14:03:47.035530] {r} LSUPDATE localhost:12004 8 F 47 localhost:12002_1555967007.764203 1555967007.764203 localhost:12002 (localhost:12000,localhost:12004,localhost:12012)
[Mon Apr 22 2019 14:03:47.035612] {r} LSUPDATE localhost:12004 7 F 31 localhost:12012_1555967027.029293 1555967027.029293 localhost:12012 (localhost:12002,localhost:12004)
[Mon Apr 22 2019 14:03:47.035692] {r} LSUPDATE localhost:12004 7 F 31 localhost:12012_1555967027.029293 1555967027.029293 localhost:12012 (localhost:12002,localhost:12004)
[Mon Apr 22 2019 14:03:47.035773] {r} LSUPDATE localhost:12004 7 F 31 localhost:12012_1555967027.029293 1555967027.029293 localhost:12012 (localhost:12002,localhost:12004)
[Mon Apr 22 2019 14:03:47.078743] {r} LSUPDATE localhost:12002 8 F 15 localhost:12000_1555967007.765101 1555967007.765101 localhost:12000 (localhost:12002)
[Mon Apr 22 2019 14:03:47.079167] {d} LSUPDATE localhost:12004 7 F 15 localhost:12000_1555967007.765101 1555967007.765101 localhost:12000 (localhost:12002)
[Mon Apr 22 2019 14:03:47.079348] {i} LSUPDATE localhost:12002 9 F 31 localhost:12012_1555967027.029293 1555967027.029293 localhost:12012 (localhost:12002,localhost:12004)
[Mon Apr 22 2019 14:03:47.079307] {r} LSUPDATE localhost:12004 7 F 15 localhost:12000_1555967007.765101 1555967007.765101 localhost:12000 (localhost:12002)
[Mon Apr 22 2019 14:03:53.016041] {r} LSUPDATE localhost:12002 8 F 15 localhost:12000_1555967007.765101 1555967007.765101 localhost:12000 (localhost:12002)
[Mon Apr 22 2019 14:03:53.017300] {r} LSUPDATE localhost:12004 9 F 15 localhost:12004_1555967019.654906 1555967019.654906 localhost:12004 (localhost:12012)
[Mon Apr 22 2019 14:03:53.021465] {d} LSUPDATE localhost:12002 8 F 15 localhost:12004_1555967019.654906 1555967019.654906 localhost:12004 (localhost:12012)
[Mon Apr 22 2019 14:03:53.021965] {r} LSUPDATE localhost:12004 9 F 4 localhost:12002_1555967019.654906 1555967019.654906 localhost:12002 (DOWN)
[Mon Apr 22 2019 14:03:53.022470] {d} LSUPDATE localhost:12002 8 F 4 localhost:12002_1555967019.654906 1555967019.654906 localhost:12002 (DOWN)
[Mon Apr 22 2019 14:03:53.022992] {i} LSUPDATE localhost:12004 9 F 15 localhost:12012_1555967027.029293 1555967027.029293 localhost:12012 (localhost:12004)
[Mon Apr 22 2019 14:03:53.023713] {r} LSUPDATE localhost:12004 9 F 15 localhost:12004_1555967019.654906 1555967019.654906 localhost:12004 (localhost:12012)
[Mon Apr 22 2019 14:03:53.024072] {d} LSUPDATE localhost:12002 8 F 15 localhost:12004_1555967019.654906 1555967019.654906 localhost:12004 (localhost:12012)
[Mon Apr 22 2019 14:04:04.846067] {i} LSUPDATE localhost:12002 9 F 31 localhost:12012_1555967027.029293 1555967027.029293 localhost:12012 (localhost:12002,localhost:12004)
[Mon Apr 22 2019 14:04:04.847905] {r} LSUPDATE localhost:12002 9 F 47 localhost:12002_1555967044.847218 1555967044.847218 localhost:12002 (localhost:12000,localhost:12004,localhost:12012)
[Mon Apr 22 2019 14:04:04.847987] {d} LSUPDATE localhost:12002 8 F 47 localhost:12002_1555967044.847218 1555967044.847218 localhost:12002 (localhost:12000,localhost:12004,localhost:12012)
[Mon Apr 22 2019 14:04:04.848078] {d} LSUPDATE localhost:12004 8 F 47 localhost:12002_1555967044.847218 1555967044.847218 localhost:12002 (localhost:12000,localhost:12004,localhost:12012)
[Mon Apr 22 2019 14:04:04.848232] {i} LSUPDATE localhost:12002 9 F 31 localhost:12012_1555967027.029293 1555967027.029293 localhost:12012 (localhost:12002,localhost:12004)
[Mon Apr 22 2019 14:04:04.848844] {r} LSUPDATE localhost:12004 9 F 15 localhost:12004_1555967019.654906 1555967019.654906 localhost:12004 (localhost:12012)
[Mon Apr 22 2019 14:04:04.848921] {d} LSUPDATE localhost:12002 8 F 15 localhost:12004_1555967019.654906 1555967019.654906 localhost:12004 (localhost:12012)
[Mon Apr 22 2019 14:04:04.848985] {d} LSUPDATE localhost:12002 8 F 15 localhost:12004_1555967019.654906 1555967019.654906 localhost:12004 (localhost:12012)
[Mon Apr 22 2019 14:04:04.851082] {r} LSUPDATE localhost:12002 8 F 15 localhost:12000_1555967007.765101 1555967007.765101 localhost:12000 (localhost:12002)
[Mon Apr 22 2019 14:04:04.851571] {d} LSUPDATE localhost:12002 7 F 15 localhost:12000_1555967007.765101 1555967007.765101 localhost:12000 (localhost:12002)
[Mon Apr 22 2019 14:04:04.851715] {r} LSUPDATE localhost:12004 9 F 31 localhost:12004_1555967019.654906 1555967019.654906 localhost:12004 (localhost:12002,localhost:12012)
[Mon Apr 22 2019 14:04:04.851754] {d} LSUPDATE localhost:12004 7 F 15 localhost:12000_1555967007.765101 1555967007.765101 localhost:12000 (localhost:12002)
[Mon Apr 22 2019 14:04:04.852074] {d} LSUPDATE localhost:12002 8 F 31 localhost:12004_1555967019.654906 1555967019.654906 localhost:12004 (localhost:12002,localhost:12012)
[Mon Apr 22 2019 14:04:04.852151] {d} LSUPDATE localhost:12002 8 F 31 localhost:12004_1555967019.654906 1555967019.654906 localhost:12004 (localhost:12002,localhost:12012)
[Mon Apr 22 2019 14:04:04.852267] {i} LSUPDATE localhost:12002 9 F 31 localhost:12012_1555967027.029293 1555967027.029293 localhost:12012 (localhost:12002,localhost:12004)
[Mon Apr 22 2019 14:04:04.852735] {r} LSUPDATE localhost:12004 9 F 31 localhost:12004_1555967019.654906 1555967019.654906 localhost:12004 (localhost:12002,localhost:12012)
[Mon Apr 22 2019 14:04:04.852816] {d} LSUPDATE localhost:12002 8 F 31 localhost:12004_1555967019.654906 1555967019.654906 localhost:12004 (localhost:12002,localhost:12012)
[Mon Apr 22 2019 14:04:04.852892] {d} LSUPDATE localhost:12002 8 F 31 localhost:12004_1555967019.654906 1555967019.654906 localhost:12004 (localhost:12002,localhost:12012)
[Mon Apr 22 2019 14:04:04.852980] {r} LSUPDATE localhost:12002 9 F 47 localhost:12002_1555967044.847218 1555967044.847218 localhost:12002 (localhost:12000,localhost:12004,localhost:12012)
[Mon Apr 22 2019 14:04:04.853318] {d} LSUPDATE localhost:12002 8 F 47 localhost:12002_1555967044.847218 1555967044.847218 localhost:12002 (localhost:12000,localhost:12004,localhost:12012)
[Mon Apr 22 2019 14:04:04.853508] {r} LSUPDATE localhost:12004 8 F 47 localhost:12002_1555967044.847218 1555967044.847218 localhost:12002 (localhost:12000,localhost:12004,localhost:12012)
[Mon Apr 22 2019 14:04:04.853542] {d} LSUPDATE localhost:12004 8 F 47 localhost:12002_1555967044.847218 1555967044.847218 localhost:12002 (localhost:12000,localhost:12004,localhost:12012)
[Mon Apr 22 2019 14:04:04.859748] {r} LSUPDATE localhost:12002 8 F 15 localhost:12000_1555967007.765101 1555967007.765101 localhost:12000 (localhost:12002)
[Mon Apr 22 2019 14:04:04.860087] {d} LSUPDATE localhost:12002 7 F 15 localhost:12000_1555967007.765101 1555967007.765101 localhost:12000 (localhost:12002)
[Mon Apr 22 2019 14:04:04.860407] {r} LSUPDATE localhost:12004 7 F 15 localhost:12000_1555967007.765101 1555967007.765101 localhost:12000 (localhost:12002)
[Mon Apr 22 2019 14:04:04.860461] {d} LSUPDATE localhost:12004 7 F 15 localhost:12000_1555967007.765101 1555967007.765101 localhost:12000 (localhost:12002)
[Mon Apr 22 2019 14:04:04.860757] {r} LSUPDATE localhost:12002 9 F 47 localhost:12002_1555967044.847218 1555967044.847218 localhost:12002 (localhost:12000,localhost:12004,localhost:12012)
[Mon Apr 22 2019 14:04:04.860887] {d} LSUPDATE localhost:12002 8 F 47 localhost:12002_1555967044.847218 1555967044.847218 localhost:12002 (localhost:12000,localhost:12004,localhost:12012)
[Mon Apr 22 2019 14:04:04.861288] {d} LSUPDATE localhost:12004 8 F 47 localhost:12002_1555967044.847218 1555967044.847218 localhost:12002 (localhost:12000,localhost:12004,localhost:12012)
[Mon Apr 22 2019 14:04:04.862773] {r} LSUPDATE localhost:12004 7 F 31 localhost:12012_1555967027.029293 1555967027.029293 localhost:12012 (localhost:12002,localhost:12004)
[Mon Apr 22 2019 14:04:04.902848] {r} LSUPDATE localhost:12002 9 F 47 localhost:12002_1555967044.847218 1555967044.847218 localhost:12002 (localhost:12000,localhost:12004,localhost:12012)
[Mon Apr 22 2019 14:04:04.903052] {d} LSUPDATE localhost:12002 8 F 47 localhost:12002_1555967044.847218 1555967044.847218 localhost:12002 (localhost:12000,localhost:12004,localhost:12012)
[Mon Apr 22 2019 14:04:04.903295] {r} LSUPDATE localhost:12004 8 F 47 localhost:12002_1555967044.847218 1555967044.847218 localhost:12002 (localhost:12000,localhost:12004,localhost:12012)
[Mon Apr 22 2019 14:04:04.903335] {d} LSUPDATE localhost:12004 8 F 47 localhost:12002_1555967044.847218 1555967044.847218 localhost:12002 (localhost:12000,localhost:12004,localhost:12012)
[Mon Apr 22 2019 14:04:04.904016] {r} LSUPDATE localhost:12004 8 F 47 localhost:12002_1555967044.847218 1555967044.847218 localhost:12002 (localhost:12000,localhost:12004,localhost:12012)
[Mon Apr 22 2019 14:04:04.904102] {d} LSUPDATE localhost:12002 7 F 47 localhost:12002_1555967044.847218 1555967044.847218 localhost:12002 (localhost:12000,localhost:12004,localhost:12012)
[Mon Apr 22 2019 14:04:04.904211] {d} LSUPDATE localhost:12002 7 F 47 localhost:12002_1555967044.847218 1555967044.847218 localhost:12002 (localhost:12000,localhost:12004,localhost:12012)
[Mon Apr 22 2019 14:04:04.904336] {r} LSUPDATE localhost:12004 7 F 31 localhost:12012_1555967027.029293 1555967027.029293 localhost:12012 (localhost:12002,localhost:12004)
[Mon Apr 22 2019 14:04:04.904421] {r} LSUPDATE localhost:12002 9 F 47 localhost:12002_1555967044.847218 1555967044.847218 localhost:12002 (localhost:12000,localhost:12004,localhost:12012)
[Mon Apr 22 2019 14:04:04.904688] {r} LSUPDATE localhost:12002 9 F 47 localhost:12002_1555967044.847218 1555967044.847218 localhost:12002 (localhost:12000,localhost:12004,localhost:12012)
[Mon Apr 22 2019 14:04:04.904789] {r} LSUPDATE localhost:12002 8 F 31 localhost:12004_1555967019.654906 1555967019.654906 localhost:12004 (localhost:12002,localhost:12012)
[Mon Apr 22 2019 14:04:04.904869] {d} LSUPDATE localhost:12002 7 F 31 localhost:12004_1555967019.654906 1555967019.654906 localhost:12004 (localhost:12002,localhost:12012)
[Mon Apr 22 2019 14:04:04.904970] {d} LSUPDATE localhost:12004 7 F 31 localhost:12004_1555967019.654906 1555967019.654906 localhost:12004 (localhost:12002,localhost:12012)
[Mon Apr 22 2019 14:04:04.905129] {r} LSUPDATE localhost:12002 5 F 15 localhost:12000_1555967007.765101 1555967007.765101 localhost:12000 (localhost:12002)
[Mon Apr 22 2019 14:04:04.905332] {d} LSUPDATE localhost:12002 4 F 15 localhost:12000_1555967007.765101 1555967007.765101 localhost:12000 (localhost:12002)
[Mon Apr 22 2019 14:04:04.905431] {d} LSUPDATE localhost:12004 4 F 15 localhost:12000_1555967007.765101 1555967007.765101 localhost:12000 (localhost:12002)
[Mon Apr 22 2019 14:04:04.905525] {r} LSUPDATE localhost:12002 8 F 31 localhost:12004_1555967019.654906 1555967019.654906 localhost:12004 (localhost:12002,localhost:12012)
[Mon Apr 22 2019 14:04:04.905611] {d} LSUPDATE localhost:12002 7 F 31 localhost:12004_1555967019.654906 1555967019.654906 localhost:12004 (localhost:12002,localhost:12012)
[Mon Apr 22 2019 14:04:04.905703] {d} LSUPDATE localhost:12004 7 F 31 localhost:12004_1555967019.654906 1555967019.654906 localhost:12004 (localhost:12002,localhost:12012)
[Mon Apr 22 2019 14:04:04.905797] {r} LSUPDATE localhost:12002 8 F 15 localhost:12000_1555967007.765101 1555967007.765101 localhost:12000 (localhost:12002)
[Mon Apr 22 2019 14:04:04.905907] {d} LSUPDATE localhost:12002 7 F 15 localhost:12000_1555967007.765101 1555967007.765101 localhost:12000 (localhost:12002)
[Mon Apr 22 2019 14:04:04.906020] {d} LSUPDATE localhost:12004 7 F 15 localhost:12000_1555967007.765101 1555967007.765101 localhost:12000 (localhost:12002)
[Mon Apr 22 2019 14:04:04.947907] {r} LSUPDATE localhost:12002 2 F 15 localhost:12000_1555967007.765101 1555967007.765101 localhost:12000 (localhost:12002)
[Mon Apr 22 2019 14:04:04.948028] {d} LSUPDATE localhost:12002 1 F 15 localhost:12000_1555967007.765101 1555967007.765101 localhost:12000 (localhost:12002)
[Mon Apr 22 2019 14:04:04.948171] {d} LSUPDATE localhost:12004 1 F 15 localhost:12000_1555967007.765101 1555967007.765101 localhost:12000 (localhost:12002)
[Mon Apr 22 2019 14:04:04.991048] {r} LSUPDATE localhost:12002 5 F 15 localhost:12000_1555967007.765101 1555967007.765101 localhost:12000 (localhost:12002)
[Mon Apr 22 2019 14:04:04.991234] {d} LSUPDATE localhost:12002 4 F 15 localhost:12000_1555967007.765101 1555967007.765101 localhost:12000 (localhost:12002)
[Mon Apr 22 2019 14:04:04.991455] {d} LSUPDATE localhost:12004 4 F 15 localhost:12000_1555967007.765101 1555967007.765101 localhost:12000 (localhost:12002)
